Log file open, 11/14/19 21:19:17
LogWindows: Failed to load 'aqProf.dll' (GetLastError=126)
LogWindows: File 'aqProf.dll' does not exist
LogWindows: Failed to load 'VtuneApi.dll' (GetLastError=126)
LogWindows: File 'VtuneApi.dll' does not exist
LogWindows: Failed to load 'VtuneApi32e.dll' (GetLastError=126)
LogWindows: File 'VtuneApi32e.dll' does not exist
LogConsoleResponse: Display: Failed to find resolution value strings in scalability ini. Falling back to default.
LogInit: Display: Running engine for game: ellipse1
LogPlatformFile: Not using cached read wrapper
LogTaskGraph: Started task graph with 5 named threads and 14 total threads with 3 sets of task threads.
LogStats: Stats thread started at 0.081502
LogD3D11RHI: Loaded GFSDK_Aftermath_Lib.x64.dll
LogICUInternationalization: ICU TimeZone Detection - Raw Offset: +4:00, Platform Override: ''
LogPluginManager: Mounting plugin Paper2D
LogPluginManager: Mounting plugin AISupport
LogPluginManager: Mounting plugin LightPropagationVolume
LogPluginManager: Mounting plugin ActorLayerUtilities
LogPluginManager: Mounting plugin AnimationSharing
LogPluginManager: Mounting plugin CLionSourceCodeAccess
LogPluginManager: Mounting plugin CodeLiteSourceCodeAccess
LogPluginManager: Mounting plugin GitSourceControl
LogPluginManager: Mounting plugin KDevelopSourceCodeAccess
LogPluginManager: Mounting plugin NullSourceCodeAccess
LogPluginManager: Mounting plugin PerforceSourceControl
LogPluginManager: Mounting plugin SubversionSourceControl
LogPluginManager: Mounting plugin UObjectPlugin
LogPluginManager: Mounting plugin VisualStudioCodeSourceCodeAccess
LogPluginManager: Mounting plugin VisualStudioSourceCodeAccess
LogPluginManager: Mounting plugin XCodeSourceCodeAccess
LogPluginManager: Mounting plugin AssetManagerEditor
LogPluginManager: Mounting plugin CryptoKeys
LogPluginManager: Mounting plugin CurveEditorTools
LogPluginManager: Mounting plugin DataValidation
LogPluginManager: Mounting plugin FacialAnimation
LogPluginManager: Mounting plugin GameplayTagsEditor
LogPluginManager: Mounting plugin MacGraphicsSwitching
LogPluginManager: Mounting plugin MaterialAnalyzer
LogPluginManager: Mounting plugin MobileLauncherProfileWizard
LogPluginManager: Mounting plugin PluginBrowser
LogPluginManager: Mounting plugin SpeedTreeImporter
LogPluginManager: Mounting plugin DatasmithContent
LogPluginManager: Mounting plugin VariantManagerContent
LogPluginManager: Mounting plugin AlembicImporter
LogPluginManager: Mounting plugin AutomationUtils
LogPluginManager: Mounting plugin BackChannel
LogPluginManager: Mounting plugin CharacterAI
LogPluginManager: Mounting plugin GeometryCache
LogPluginManager: Mounting plugin HTML5Networking
LogPluginManager: Mounting plugin PlatformCrypto
LogPluginManager: Mounting plugin ProxyLODPlugin
LogPluginManager: Mounting plugin SkeletalReduction
LogPluginManager: Mounting plugin HoudiniNiagara
LogPluginManager: Mounting plugin Niagara
LogPluginManager: Mounting plugin NiagaraExtras
LogPluginManager: Mounting plugin MagicLeap
LogPluginManager: Mounting plugin MagicLeapMedia
LogPluginManager: Mounting plugin AndroidMedia
LogPluginManager: Mounting plugin AvfMedia
LogPluginManager: Mounting plugin ImgMedia
LogPluginManager: Mounting plugin MediaCompositing
LogPluginManager: Mounting plugin MediaPlayerEditor
LogPluginManager: Mounting plugin WebMMedia
LogPluginManager: Mounting plugin WmfMedia
LogPluginManager: Mounting plugin TcpMessaging
LogPluginManager: Mounting plugin UdpMessaging
LogPluginManager: Mounting plugin ActorSequence
LogPluginManager: Mounting plugin LevelSequenceEditor
LogPluginManager: Mounting plugin MatineeToLevelSequence
LogPluginManager: Mounting plugin NetcodeUnitTest
LogPluginManager: Mounting plugin NUTUnrealEngine4
LogPluginManager: Mounting plugin OnlineSubsystemGooglePlay
LogPluginManager: Mounting plugin OnlineSubsystemIOS
LogPluginManager: Mounting plugin OnlineSubsystem
LogPluginManager: Mounting plugin OnlineSubsystemNull
LogPluginManager: Mounting plugin OnlineSubsystemUtils
LogPluginManager: Mounting plugin LauncherChunkInstaller
LogPluginManager: Mounting plugin AndroidDeviceProfileSelector
LogPluginManager: Mounting plugin AndroidMoviePlayer
LogPluginManager: Mounting plugin AndroidPermission
LogPluginManager: Mounting plugin AppleImageUtils
LogPluginManager: Mounting plugin AppleMoviePlayer
LogPluginManager: Mounting plugin ArchVisCharacter
LogPluginManager: Mounting plugin AudioCapture
LogPluginManager: Mounting plugin CableComponent
LogPluginManager: Mounting plugin CustomMeshComponent
LogPluginManager: Mounting plugin EditableMesh
LogPluginManager: Mounting plugin ExampleDeviceProfileSelector
LogPluginManager: Mounting plugin GoogleCloudMessaging
LogPluginManager: Mounting plugin IOSDeviceProfileSelector
LogPluginManager: Mounting plugin LinuxDeviceProfileSelector
LogPluginManager: Mounting plugin LocationServicesBPLibrary
LogPluginManager: Mounting plugin MobilePatchingUtils
LogPluginManager: Mounting plugin OculusVR
LogPluginManager: Mounting plugin PhysXVehicles
LogPluginManager: Mounting plugin ProceduralMeshComponent
LogPluginManager: Mounting plugin RuntimePhysXCooking
LogPluginManager: Mounting plugin SignificanceManager
LogPluginManager: Mounting plugin SteamVR
LogPluginManager: Mounting plugin WebMMoviePlayer
LogPluginManager: Mounting plugin WindowsMoviePlayer
LogPluginManager: Mounting plugin ScreenshotTools
LogInit: Using libcurl 7.55.1-DEV
LogInit:  - built for x86_64-pc-win32
LogInit:  - supports SSL with OpenSSL/1.1.1
LogInit:  - supports HTTP deflate (compression) using libz 1.2.8
LogInit:  - other features:
LogInit:      CURL_VERSION_SSL
LogInit:      CURL_VERSION_LIBZ
LogInit:      CURL_VERSION_IPV6
LogInit:      CURL_VERSION_ASYNCHDNS
LogInit:      CURL_VERSION_LARGEFILE
LogInit:      CURL_VERSION_IDN
LogInit:  CurlRequestOptions (configurable via config and command line):
LogInit:  - bVerifyPeer = true  - Libcurl will verify peer certificate
LogInit:  - bUseHttpProxy = false  - Libcurl will NOT use HTTP proxy
LogInit:  - bDontReuseConnections = false  - Libcurl will reuse connections
LogInit:  - MaxHostConnections = 16  - Libcurl will limit the number of connections to a host
LogInit:  - LocalHostAddr = Default
LogInit:  - BufferSize = 65536
LogOnline: OSS: Creating online subsystem instance for: NULL
LogInit: WinSock: version 1.1 (2.2), MaxSocks=32767, MaxUdp=65467
LogInit: Build: ++UE4+Release-4.23-CL-8386587
LogInit: Engine Version: 4.23.0-8386587+++UE4+Release-4.23
LogInit: Compatible Engine Version: 4.23.0-8386587+++UE4+Release-4.23
LogInit: Net CL: 8386587
LogInit: OS: Windows 10 (Release 1903) (), CPU:         Intel(R) Core(TM) i5-3570 CPU @ 3.40GHz, GPU: NVIDIA GeForce GTX 1050 Ti
LogInit: Compiled (64-bit): Aug 31 2019 02:04:44
LogInit: Compiled with Visual C++: 19.16.27030.01
LogInit: Build Configuration: Development
LogInit: Branch Name: ++UE4+Release-4.23
LogInit: Command Line: 
LogInit: Base Directory: C:/Users/Миша.Johnvk-PC/UE4/UE_4.23/Engine/Binaries/Win64/
LogInit: Installed Engine Build: 1
LogDevObjectVersion: Number of dev versions registered: 23
LogDevObjectVersion:   Dev-Blueprints (B0D832E4-1F89-4F0D-ACCF-7EB736FD4AA2): 10
LogDevObjectVersion:   Dev-Build (E1C64328-A22C-4D53-A36C-8E866417BD8C): 0
LogDevObjectVersion:   Dev-Core (375EC13C-06E4-48FB-B500-84F0262A717E): 3
LogDevObjectVersion:   Dev-Editor (E4B068ED-F494-42E9-A231-DA0B2E46BB41): 34
LogDevObjectVersion:   Dev-Framework (CFFC743F-43B0-4480-9391-14DF171D2073): 35
LogDevObjectVersion:   Dev-Mobile (B02B49B5-BB20-44E9-A304-32B752E40360): 2
LogDevObjectVersion:   Dev-Networking (A4E4105C-59A1-49B5-A7C5-40C4547EDFEE): 0
LogDevObjectVersion:   Dev-Online (39C831C9-5AE6-47DC-9A44-9C173E1C8E7C): 0
LogDevObjectVersion:   Dev-Physics (78F01B33-EBEA-4F98-B9B4-84EACCB95AA2): 0
LogDevObjectVersion:   Dev-Platform (6631380F-2D4D-43E0-8009-CF276956A95A): 0
LogDevObjectVersion:   Dev-Rendering (12F88B9F-8875-4AFC-A67C-D90C383ABD29): 31
LogDevObjectVersion:   Dev-Sequencer (7B5AE74C-D270-4C10-A958-57980B212A5A): 11
LogDevObjectVersion:   Dev-VR (D7296918-1DD6-4BDD-9DE2-64A83CC13884): 2
LogDevObjectVersion:   Dev-LoadTimes (C2A15278-BFE7-4AFE-6C17-90FF531DF755): 1
LogDevObjectVersion:   Private-Geometry (6EACA3D4-40EC-4CC1-B786-8BED09428FC5): 3
LogDevObjectVersion:   Dev-AnimPhys (29E575DD-E0A3-4627-9D10-D276232CDCEA): 17
LogDevObjectVersion:   Dev-Anim (AF43A65D-7FD3-4947-9873-3E8ED9C1BB05): 2
LogDevObjectVersion:   Dev-ReflectionCapture (6B266CEC-1EC7-4B8F-A30B-E4D90942FC07): 1
LogDevObjectVersion:   Dev-Automation (0DF73D61-A23F-47EA-B727-89E90C41499A): 1
LogDevObjectVersion:   FortniteMain (601D1886-AC64-4F84-AA16-D3DE0DEAC7D6): 27
LogDevObjectVersion:   Dev-Enterprise (9DFFBCD6-494F-0158-E221-12823C92A888): 6
LogDevObjectVersion:   Dev-Niagara (F2AED0AC-9AFE-416F-8664-AA7FFA26D6FC): 1
LogDevObjectVersion:   Dev-Destruction (174F1F0B-B4C6-45A5-B13F-2EE8D0FB917D): 9
LogInit: Presizing for max 16777216 objects, including 0 objects not considered by GC, pre-allocating 0 bytes for permanent pool.
LogInit: Object subsystem initialized
LogConfig: Setting CVar [[con.DebugEarlyDefault:1]]
LogConfig: Setting CVar [[r.setres:1280x720]]
[2019.11.14-17.19.18:172][  0]LogConfig: Setting CVar [[r.VSync:0]]
[2019.11.14-17.19.18:172][  0]LogConfig: Setting CVar [[r.RHICmdBypass:0]]
[2019.11.14-17.19.18:172][  0]LogConfig: Applying CVar settings from Section [/Script/Engine.RendererSettings] File [D:/Project/ellipse1/Saved/Config/Windows/Engine.ini]
[2019.11.14-17.19.18:172][  0]LogConfig: Setting CVar [[r.GPUCrashDebugging:0]]
[2019.11.14-17.19.18:172][  0]LogConfig: Setting CVar [[r.DefaultFeature.AutoExposure.ExtendDefaultLuminanceRange:1]]
[2019.11.14-17.19.18:172][  0]LogConfig: Applying CVar settings from Section [/Script/Engine.RendererOverrideSettings] File [D:/Project/ellipse1/Saved/Config/Windows/Engine.ini]
[2019.11.14-17.19.18:172][  0]LogConfig: Applying CVar settings from Section [/Script/Engine.StreamingSettings] File [D:/Project/ellipse1/Saved/Config/Windows/Engine.ini]
[2019.11.14-17.19.18:172][  0]LogConfig: Setting CVar [[s.MinBulkDataSizeForAsyncLoading:131072]]
[2019.11.14-17.19.18:172][  0]LogConfig: Setting CVar [[s.AsyncLoadingThreadEnabled:0]]
[2019.11.14-17.19.18:172][  0]LogConfig: Setting CVar [[s.EventDrivenLoaderEnabled:1]]
[2019.11.14-17.19.18:172][  0]LogConfig: Setting CVar [[s.WarnIfTimeLimitExceeded:0]]
[2019.11.14-17.19.18:172][  0]LogConfig: Setting CVar [[s.TimeLimitExceededMultiplier:1.5]]
[2019.11.14-17.19.18:172][  0]LogConfig: Setting CVar [[s.TimeLimitExceededMinTime:0.005]]
[2019.11.14-17.19.18:172][  0]LogConfig: Setting CVar [[s.UseBackgroundLevelStreaming:1]]
[2019.11.14-17.19.18:172][  0]LogConfig: Setting CVar [[s.PriorityAsyncLoadingExtraTime:15.0]]
[2019.11.14-17.19.18:172][  0]LogConfig: Setting CVar [[s.LevelStreamingActorsUpdateTimeLimit:5.0]]
[2019.11.14-17.19.18:172][  0]LogConfig: Setting CVar [[s.PriorityLevelStreamingActorsUpdateExtraTime:5.0]]
[2019.11.14-17.19.18:172][  0]LogConfig: Setting CVar [[s.LevelStreamingComponentsRegistrationGranularity:10]]
[2019.11.14-17.19.18:172][  0]LogConfig: Setting CVar [[s.UnregisterComponentsTimeLimit:1.0]]
[2019.11.14-17.19.18:172][  0]LogConfig: Setting CVar [[s.LevelStreamingComponentsUnregistrationGranularity:5]]
[2019.11.14-17.19.18:172][  0]LogConfig: Applying CVar settings from Section [/Script/Engine.GarbageCollectionSettings] File [D:/Project/ellipse1/Saved/Config/Windows/Engine.ini]
[2019.11.14-17.19.18:172][  0]LogConfig: Setting CVar [[gc.MaxObjectsNotConsideredByGC:1]]
[2019.11.14-17.19.18:172][  0]LogConfig: Setting CVar [[gc.SizeOfPermanentObjectPool:0]]
[2019.11.14-17.19.18:172][  0]LogConfig: Setting CVar [[gc.FlushStreamingOnGC:0]]
[2019.11.14-17.19.18:172][  0]LogConfig: Setting CVar [[gc.NumRetriesBeforeForcingGC:10]]
[2019.11.14-17.19.18:172][  0]LogConfig: Setting CVar [[gc.AllowParallelGC:1]]
[2019.11.14-17.19.18:172][  0]LogConfig: Setting CVar [[gc.TimeBetweenPurgingPendingKillObjects:61.1]]
[2019.11.14-17.19.18:172][  0]LogConfig: Setting CVar [[gc.MaxObjectsInEditor:16777216]]
[2019.11.14-17.19.18:172][  0]LogConfig: Setting CVar [[gc.IncrementalBeginDestroyEnabled:1]]
[2019.11.14-17.19.18:172][  0]LogConfig: Setting CVar [[gc.CreateGCClusters:1]]
[2019.11.14-17.19.18:172][  0]LogConfig: Setting CVar [[gc.MinGCClusterSize:5]]
[2019.11.14-17.19.18:172][  0]LogConfig: Setting CVar [[gc.ActorClusteringEnabled:0]]
[2019.11.14-17.19.18:173][  0]LogConfig: Setting CVar [[gc.BlueprintClusteringEnabled:0]]
[2019.11.14-17.19.18:173][  0]LogConfig: Setting CVar [[gc.UseDisregardForGCOnDedicatedServers:0]]
[2019.11.14-17.19.18:173][  0]LogConfig: Applying CVar settings from Section [/Script/Engine.NetworkSettings] File [D:/Project/ellipse1/Saved/Config/Windows/Engine.ini]
[2019.11.14-17.19.18:173][  0]LogConfig: Applying CVar settings from Section [/Script/UnrealEd.CookerSettings] File [D:/Project/ellipse1/Saved/Config/Windows/Engine.ini]
[2019.11.14-17.19.18:175][  0]LogConfig: Applying CVar settings from Section [ViewDistanceQuality@3] File [D:/Project/ellipse1/Saved/Config/Windows/Scalability.ini]
[2019.11.14-17.19.18:175][  0]LogConfig: Setting CVar [[r.SkeletalMeshLODBias:0]]
[2019.11.14-17.19.18:175][  0]LogConfig: Setting CVar [[r.ViewDistanceScale:1.0]]
[2019.11.14-17.19.18:175][  0]LogConfig: Applying CVar settings from Section [AntiAliasingQuality@3] File [D:/Project/ellipse1/Saved/Config/Windows/Scalability.ini]
[2019.11.14-17.19.18:175][  0]LogConfig: Setting CVar [[r.PostProcessAAQuality:4]]
[2019.11.14-17.19.18:175][  0]LogConfig: Applying CVar settings from Section [ShadowQuality@3] File [D:/Project/ellipse1/Saved/Config/Windows/Scalability.ini]
[2019.11.14-17.19.18:175][  0]LogConfig: Setting CVar [[r.LightFunctionQuality:1]]
[2019.11.14-17.19.18:175][  0]LogConfig: Setting CVar [[r.ShadowQuality:5]]
[2019.11.14-17.19.18:175][  0]LogConfig: Setting CVar [[r.Shadow.CSM.MaxCascades:10]]
[2019.11.14-17.19.18:175][  0]LogConfig: Setting CVar [[r.Shadow.MaxResolution:2048]]
[2019.11.14-17.19.18:175][  0]LogConfig: Setting CVar [[r.Shadow.MaxCSMResolution:2048]]
[2019.11.14-17.19.18:175][  0]LogConfig: Setting CVar [[r.Shadow.RadiusThreshold:0.01]]
[2019.11.14-17.19.18:175][  0]LogConfig: Setting CVar [[r.Shadow.DistanceScale:1.0]]
[2019.11.14-17.19.18:175][  0]LogConfig: Setting CVar [[r.Shadow.CSM.TransitionScale:1.0]]
[2019.11.14-17.19.18:175][  0]LogConfig: Setting CVar [[r.Shadow.PreShadowResolutionFactor:1.0]]
[2019.11.14-17.19.18:175][  0]LogConfig: Setting CVar [[r.DistanceFieldShadowing:1]]
[2019.11.14-17.19.18:175][  0]LogConfig: Setting CVar [[r.DistanceFieldAO:1]]
[2019.11.14-17.19.18:175][  0]LogConfig: Setting CVar [[r.AOQuality:2]]
[2019.11.14-17.19.18:175][  0]LogConfig: Setting CVar [[r.VolumetricFog:1]]
[2019.11.14-17.19.18:175][  0]LogConfig: Setting CVar [[r.VolumetricFog.GridPixelSize:8]]
[2019.11.14-17.19.18:175][  0]LogConfig: Setting CVar [[r.VolumetricFog.GridSizeZ:128]]
[2019.11.14-17.19.18:175][  0]LogConfig: Setting CVar [[r.VolumetricFog.HistoryMissSupersampleCount:4]]
[2019.11.14-17.19.18:175][  0]LogConfig: Setting CVar [[r.LightMaxDrawDistanceScale:1]]
[2019.11.14-17.19.18:175][  0]LogConfig: Setting CVar [[r.CapsuleShadows:1]]
[2019.11.14-17.19.18:175][  0]LogConfig: Applying CVar settings from Section [PostProcessQuality@3] File [D:/Project/ellipse1/Saved/Config/Windows/Scalability.ini]
[2019.11.14-17.19.18:175][  0]LogConfig: Setting CVar [[r.MotionBlurQuality:4]]
[2019.11.14-17.19.18:175][  0]LogConfig: Setting CVar [[r.AmbientOcclusionMipLevelFactor:0.4]]
[2019.11.14-17.19.18:175][  0]LogConfig: Setting CVar [[r.AmbientOcclusionMaxQuality:100]]
[2019.11.14-17.19.18:175][  0]LogConfig: Setting CVar [[r.AmbientOcclusionLevels:-1]]
[2019.11.14-17.19.18:175][  0]LogConfig: Setting CVar [[r.AmbientOcclusionRadiusScale:1.0]]
[2019.11.14-17.19.18:175][  0]LogConfig: Setting CVar [[r.DepthOfFieldQuality:2]]
[2019.11.14-17.19.18:175][  0]LogConfig: Setting CVar [[r.RenderTargetPoolMin:400]]
[2019.11.14-17.19.18:175][  0]LogConfig: Setting CVar [[r.LensFlareQuality:2]]
[2019.11.14-17.19.18:175][  0]LogConfig: Setting CVar [[r.SceneColorFringeQuality:1]]
[2019.11.14-17.19.18:175][  0]LogConfig: Setting CVar [[r.EyeAdaptationQuality:2]]
[2019.11.14-17.19.18:175][  0]LogConfig: Setting CVar [[r.BloomQuality:5]]
[2019.11.14-17.19.18:175][  0]LogConfig: Setting CVar [[r.FastBlurThreshold:100]]
[2019.11.14-17.19.18:175][  0]LogConfig: Setting CVar [[r.Upscale.Quality:3]]
[2019.11.14-17.19.18:175][  0]LogConfig: Setting CVar [[r.Tonemapper.GrainQuantization:1]]
[2019.11.14-17.19.18:175][  0]LogConfig: Setting CVar [[r.LightShaftQuality:1]]
[2019.11.14-17.19.18:175][  0]LogConfig: Setting CVar [[r.Filter.SizeScale:1]]
[2019.11.14-17.19.18:175][  0]LogConfig: Setting CVar [[r.Tonemapper.Quality:5]]
[2019.11.14-17.19.18:175][  0]LogConfig: Setting CVar [[r.DOF.Gather.AccumulatorQuality:1        ; higher gathering accumulator quality]]
[2019.11.14-17.19.18:175][  0]LogConfig: Setting CVar [[r.DOF.Gather.PostfilterMethod:1          ; Median3x3 postfilering method]]
[2019.11.14-17.19.18:175][  0]LogConfig: Setting CVar [[r.DOF.Gather.EnableBokehSettings:0       ; no bokeh simulation when gathering]]
[2019.11.14-17.19.18:175][  0]LogConfig: Setting CVar [[r.DOF.Gather.RingCount:4                 ; medium number of samples when gathering]]
[2019.11.14-17.19.18:175][  0]LogConfig: Setting CVar [[r.DOF.Scatter.ForegroundCompositing:1    ; additive foreground scattering]]
[2019.11.14-17.19.18:175][  0]LogConfig: Setting CVar [[r.DOF.Scatter.BackgroundCompositing:2    ; additive background scattering]]
[2019.11.14-17.19.18:175][  0]LogConfig: Setting CVar [[r.DOF.Scatter.EnableBokehSettings:1      ; bokeh simulation when scattering]]
[2019.11.14-17.19.18:175][  0]LogConfig: Setting CVar [[r.DOF.Scatter.MaxSpriteRatio:0.1         ; only a maximum of 10% of scattered bokeh]]
[2019.11.14-17.19.18:175][  0]LogConfig: Setting CVar [[r.DOF.Recombine.Quality:1                ; cheap slight out of focus]]
[2019.11.14-17.19.18:175][  0]LogConfig: Setting CVar [[r.DOF.Recombine.EnableBokehSettings:0    ; no bokeh simulation on slight out of focus]]
[2019.11.14-17.19.18:175][  0]LogConfig: Setting CVar [[r.DOF.TemporalAAQuality:1                ; more stable temporal accumulation]]
[2019.11.14-17.19.18:175][  0]LogConfig: Setting CVar [[r.DOF.Kernel.MaxForegroundRadius:0.025]]
[2019.11.14-17.19.18:175][  0]LogConfig: Setting CVar [[r.DOF.Kernel.MaxBackgroundRadius:0.025]]
[2019.11.14-17.19.18:175][  0]LogConfig: Applying CVar settings from Section [TextureQuality@3] File [D:/Project/ellipse1/Saved/Config/Windows/Scalability.ini]
[2019.11.14-17.19.18:175][  0]LogConfig: Setting CVar [[r.Streaming.MipBias:0]]
[2019.11.14-17.19.18:175][  0]LogConfig: Setting CVar [[r.Streaming.AmortizeCPUToGPUCopy:0]]
[2019.11.14-17.19.18:175][  0]LogConfig: Setting CVar [[r.Streaming.MaxNumTexturesToStreamPerFrame:0]]
[2019.11.14-17.19.18:175][  0]LogConfig: Setting CVar [[r.Streaming.Boost:1]]
[2019.11.14-17.19.18:175][  0]LogConfig: Setting CVar [[r.MaxAnisotropy:8]]
[2019.11.14-17.19.18:175][  0]LogConfig: Setting CVar [[r.Streaming.LimitPoolSizeToVRAM:0]]
[2019.11.14-17.19.18:176][  0]LogConfig: Setting CVar [[r.Streaming.PoolSize:1000]]
[2019.11.14-17.19.18:176][  0]LogConfig: Setting CVar [[r.Streaming.MaxEffectiveScreenSize:0]]
[2019.11.14-17.19.18:176][  0]LogConfig: Applying CVar settings from Section [EffectsQuality@3] File [D:/Project/ellipse1/Saved/Config/Windows/Scalability.ini]
[2019.11.14-17.19.18:176][  0]LogConfig: Setting CVar [[r.TranslucencyLightingVolumeDim:64]]
[2019.11.14-17.19.18:176][  0]LogConfig: Setting CVar [[r.RefractionQuality:2]]
[2019.11.14-17.19.18:176][  0]LogConfig: Setting CVar [[r.SSR.Quality:3]]
[2019.11.14-17.19.18:176][  0]LogConfig: Setting CVar [[r.SceneColorFormat:4]]
[2019.11.14-17.19.18:176][  0]LogConfig: Setting CVar [[r.DetailMode:2]]
[2019.11.14-17.19.18:176][  0]LogConfig: Setting CVar [[r.TranslucencyVolumeBlur:1]]
[2019.11.14-17.19.18:176][  0]LogConfig: Setting CVar [[r.MaterialQualityLevel:1 ; High quality]]
[2019.11.14-17.19.18:176][  0]LogConfig: Setting CVar [[r.SSS.Scale:1]]
[2019.11.14-17.19.18:176][  0]LogConfig: Setting CVar [[r.SSS.SampleSet:2]]
[2019.11.14-17.19.18:176][  0]LogConfig: Setting CVar [[r.SSS.Quality:1]]
[2019.11.14-17.19.18:176][  0]LogConfig: Setting CVar [[r.SSS.HalfRes:1]]
[2019.11.14-17.19.18:176][  0]LogConfig: Setting CVar [[r.EmitterSpawnRateScale:1.0]]
[2019.11.14-17.19.18:176][  0]LogConfig: Setting CVar [[r.ParticleLightQuality:2]]
[2019.11.14-17.19.18:176][  0]LogConfig: Applying CVar settings from Section [FoliageQuality@3] File [D:/Project/ellipse1/Saved/Config/Windows/Scalability.ini]
[2019.11.14-17.19.18:176][  0]LogConfig: Setting CVar [[foliage.DensityScale:1.0]]
[2019.11.14-17.19.18:176][  0]LogConfig: Setting CVar [[grass.DensityScale:1.0]]
[2019.11.14-17.19.18:176][  0]LogInit: Selected Device Profile: [Windows]
[2019.11.14-17.19.18:176][  0]LogInit: Applying CVar settings loaded from the selected device profile: [Windows]
[2019.11.14-17.19.18:178][  0]LogHAL: Display: Platform has ~ 16 GB [17123233792 / 17179869184 / 16], which maps to Larger [LargestMinGB=32, LargerMinGB=12, DefaultMinGB=8, SmallerMinGB=6, SmallestMinGB=0)
[2019.11.14-17.19.18:178][  0]LogInit: Going up to parent DeviceProfile []
[2019.11.14-17.19.18:178][  0]LogConfig: Applying CVar settings from Section [ViewDistanceQuality@3] File [D:/Project/ellipse1/Saved/Config/Windows/Scalability.ini]
[2019.11.14-17.19.18:178][  0]LogConfig: Setting CVar [[r.SkeletalMeshLODBias:0]]
[2019.11.14-17.19.18:178][  0]LogConfig: Setting CVar [[r.ViewDistanceScale:1.0]]
[2019.11.14-17.19.18:178][  0]LogConfig: Applying CVar settings from Section [AntiAliasingQuality@3] File [D:/Project/ellipse1/Saved/Config/Windows/Scalability.ini]
[2019.11.14-17.19.18:178][  0]LogConfig: Setting CVar [[r.PostProcessAAQuality:4]]
[2019.11.14-17.19.18:178][  0]LogConfig: Applying CVar settings from Section [ShadowQuality@3] File [D:/Project/ellipse1/Saved/Config/Windows/Scalability.ini]
[2019.11.14-17.19.18:178][  0]LogConfig: Setting CVar [[r.LightFunctionQuality:1]]
[2019.11.14-17.19.18:178][  0]LogConfig: Setting CVar [[r.ShadowQuality:5]]
[2019.11.14-17.19.18:178][  0]LogConfig: Setting CVar [[r.Shadow.CSM.MaxCascades:10]]
[2019.11.14-17.19.18:178][  0]LogConfig: Setting CVar [[r.Shadow.MaxResolution:2048]]
[2019.11.14-17.19.18:178][  0]LogConfig: Setting CVar [[r.Shadow.MaxCSMResolution:2048]]
[2019.11.14-17.19.18:178][  0]LogConfig: Setting CVar [[r.Shadow.RadiusThreshold:0.01]]
[2019.11.14-17.19.18:178][  0]LogConfig: Setting CVar [[r.Shadow.DistanceScale:1.0]]
[2019.11.14-17.19.18:179][  0]LogConfig: Setting CVar [[r.Shadow.CSM.TransitionScale:1.0]]
[2019.11.14-17.19.18:179][  0]LogConfig: Setting CVar [[r.Shadow.PreShadowResolutionFactor:1.0]]
[2019.11.14-17.19.18:179][  0]LogConfig: Setting CVar [[r.DistanceFieldShadowing:1]]
[2019.11.14-17.19.18:179][  0]LogConfig: Setting CVar [[r.DistanceFieldAO:1]]
[2019.11.14-17.19.18:179][  0]LogConfig: Setting CVar [[r.AOQuality:2]]
[2019.11.14-17.19.18:179][  0]LogConfig: Setting CVar [[r.VolumetricFog:1]]
[2019.11.14-17.19.18:179][  0]LogConfig: Setting CVar [[r.VolumetricFog.GridPixelSize:8]]
[2019.11.14-17.19.18:179][  0]LogConfig: Setting CVar [[r.VolumetricFog.GridSizeZ:128]]
[2019.11.14-17.19.18:179][  0]LogConfig: Setting CVar [[r.VolumetricFog.HistoryMissSupersampleCount:4]]
[2019.11.14-17.19.18:179][  0]LogConfig: Setting CVar [[r.LightMaxDrawDistanceScale:1]]
[2019.11.14-17.19.18:179][  0]LogConfig: Setting CVar [[r.CapsuleShadows:1]]
[2019.11.14-17.19.18:179][  0]LogConfig: Applying CVar settings from Section [PostProcessQuality@3] File [D:/Project/ellipse1/Saved/Config/Windows/Scalability.ini]
[2019.11.14-17.19.18:179][  0]LogConfig: Setting CVar [[r.MotionBlurQuality:4]]
[2019.11.14-17.19.18:179][  0]LogConfig: Setting CVar [[r.AmbientOcclusionMipLevelFactor:0.4]]
[2019.11.14-17.19.18:179][  0]LogConfig: Setting CVar [[r.AmbientOcclusionMaxQuality:100]]
[2019.11.14-17.19.18:179][  0]LogConfig: Setting CVar [[r.AmbientOcclusionLevels:-1]]
[2019.11.14-17.19.18:179][  0]LogConfig: Setting CVar [[r.AmbientOcclusionRadiusScale:1.0]]
[2019.11.14-17.19.18:179][  0]LogConfig: Setting CVar [[r.DepthOfFieldQuality:2]]
[2019.11.14-17.19.18:179][  0]LogConfig: Setting CVar [[r.RenderTargetPoolMin:400]]
[2019.11.14-17.19.18:179][  0]LogConfig: Setting CVar [[r.LensFlareQuality:2]]
[2019.11.14-17.19.18:179][  0]LogConfig: Setting CVar [[r.SceneColorFringeQuality:1]]
[2019.11.14-17.19.18:179][  0]LogConfig: Setting CVar [[r.EyeAdaptationQuality:2]]
[2019.11.14-17.19.18:179][  0]LogConfig: Setting CVar [[r.BloomQuality:5]]
[2019.11.14-17.19.18:179][  0]LogConfig: Setting CVar [[r.FastBlurThreshold:100]]
[2019.11.14-17.19.18:179][  0]LogConfig: Setting CVar [[r.Upscale.Quality:3]]
[2019.11.14-17.19.18:179][  0]LogConfig: Setting CVar [[r.Tonemapper.GrainQuantization:1]]
[2019.11.14-17.19.18:179][  0]LogConfig: Setting CVar [[r.LightShaftQuality:1]]
[2019.11.14-17.19.18:179][  0]LogConfig: Setting CVar [[r.Filter.SizeScale:1]]
[2019.11.14-17.19.18:179][  0]LogConfig: Setting CVar [[r.Tonemapper.Quality:5]]
[2019.11.14-17.19.18:179][  0]LogConfig: Setting CVar [[r.DOF.Gather.AccumulatorQuality:1        ; higher gathering accumulator quality]]
[2019.11.14-17.19.18:179][  0]LogConfig: Setting CVar [[r.DOF.Gather.PostfilterMethod:1          ; Median3x3 postfilering method]]
[2019.11.14-17.19.18:179][  0]LogConfig: Setting CVar [[r.DOF.Gather.EnableBokehSettings:0       ; no bokeh simulation when gathering]]
[2019.11.14-17.19.18:179][  0]LogConfig: Setting CVar [[r.DOF.Gather.RingCount:4                 ; medium number of samples when gathering]]
[2019.11.14-17.19.18:179][  0]LogConfig: Setting CVar [[r.DOF.Scatter.ForegroundCompositing:1    ; additive foreground scattering]]
[2019.11.14-17.19.18:179][  0]LogConfig: Setting CVar [[r.DOF.Scatter.BackgroundCompositing:2    ; additive background scattering]]
[2019.11.14-17.19.18:179][  0]LogConfig: Setting CVar [[r.DOF.Scatter.EnableBokehSettings:1      ; bokeh simulation when scattering]]
[2019.11.14-17.19.18:179][  0]LogConfig: Setting CVar [[r.DOF.Scatter.MaxSpriteRatio:0.1         ; only a maximum of 10% of scattered bokeh]]
[2019.11.14-17.19.18:179][  0]LogConfig: Setting CVar [[r.DOF.Recombine.Quality:1                ; cheap slight out of focus]]
[2019.11.14-17.19.18:179][  0]LogConfig: Setting CVar [[r.DOF.Recombine.EnableBokehSettings:0    ; no bokeh simulation on slight out of focus]]
[2019.11.14-17.19.18:179][  0]LogConfig: Setting CVar [[r.DOF.TemporalAAQuality:1                ; more stable temporal accumulation]]
[2019.11.14-17.19.18:179][  0]LogConfig: Setting CVar [[r.DOF.Kernel.MaxForegroundRadius:0.025]]
[2019.11.14-17.19.18:179][  0]LogConfig: Setting CVar [[r.DOF.Kernel.MaxBackgroundRadius:0.025]]
[2019.11.14-17.19.18:179][  0]LogConfig: Applying CVar settings from Section [TextureQuality@3] File [D:/Project/ellipse1/Saved/Config/Windows/Scalability.ini]
[2019.11.14-17.19.18:179][  0]LogConfig: Setting CVar [[r.Streaming.MipBias:0]]
[2019.11.14-17.19.18:179][  0]LogConfig: Setting CVar [[r.Streaming.AmortizeCPUToGPUCopy:0]]
[2019.11.14-17.19.18:179][  0]LogConfig: Setting CVar [[r.Streaming.MaxNumTexturesToStreamPerFrame:0]]
[2019.11.14-17.19.18:179][  0]LogConfig: Setting CVar [[r.Streaming.Boost:1]]
[2019.11.14-17.19.18:179][  0]LogConfig: Setting CVar [[r.MaxAnisotropy:8]]
[2019.11.14-17.19.18:179][  0]LogConfig: Setting CVar [[r.Streaming.LimitPoolSizeToVRAM:0]]
[2019.11.14-17.19.18:179][  0]LogConfig: Setting CVar [[r.Streaming.PoolSize:1000]]
[2019.11.14-17.19.18:179][  0]LogConfig: Setting CVar [[r.Streaming.MaxEffectiveScreenSize:0]]
[2019.11.14-17.19.18:179][  0]LogConfig: Applying CVar settings from Section [EffectsQuality@3] File [D:/Project/ellipse1/Saved/Config/Windows/Scalability.ini]
[2019.11.14-17.19.18:179][  0]LogConfig: Setting CVar [[r.TranslucencyLightingVolumeDim:64]]
[2019.11.14-17.19.18:179][  0]LogConfig: Setting CVar [[r.RefractionQuality:2]]
[2019.11.14-17.19.18:179][  0]LogConfig: Setting CVar [[r.SSR.Quality:3]]
[2019.11.14-17.19.18:179][  0]LogConfig: Setting CVar [[r.SceneColorFormat:4]]
[2019.11.14-17.19.18:179][  0]LogConfig: Setting CVar [[r.DetailMode:2]]
[2019.11.14-17.19.18:179][  0]LogConfig: Setting CVar [[r.TranslucencyVolumeBlur:1]]
[2019.11.14-17.19.18:179][  0]LogConfig: Setting CVar [[r.MaterialQualityLevel:1 ; High quality]]
[2019.11.14-17.19.18:179][  0]LogConfig: Setting CVar [[r.SSS.Scale:1]]
[2019.11.14-17.19.18:179][  0]LogConfig: Setting CVar [[r.SSS.SampleSet:2]]
[2019.11.14-17.19.18:179][  0]LogConfig: Setting CVar [[r.SSS.Quality:1]]
[2019.11.14-17.19.18:179][  0]LogConfig: Setting CVar [[r.SSS.HalfRes:1]]
[2019.11.14-17.19.18:179][  0]LogConfig: Setting CVar [[r.EmitterSpawnRateScale:1.0]]
[2019.11.14-17.19.18:179][  0]LogConfig: Setting CVar [[r.ParticleLightQuality:2]]
[2019.11.14-17.19.18:180][  0]LogConfig: Applying CVar settings from Section [FoliageQuality@3] File [D:/Project/ellipse1/Saved/Config/Windows/Scalability.ini]
[2019.11.14-17.19.18:180][  0]LogConfig: Setting CVar [[foliage.DensityScale:1.0]]
[2019.11.14-17.19.18:180][  0]LogConfig: Setting CVar [[grass.DensityScale:1.0]]
[2019.11.14-17.19.18:180][  0]LogConfig: Applying CVar settings from Section [Startup] File [../../../Engine/Config/ConsoleVariables.ini]
[2019.11.14-17.19.18:180][  0]LogConfig: Setting CVar [[net.UseAdaptiveNetUpdateFrequency:0]]
[2019.11.14-17.19.18:180][  0]LogConfig: Setting CVar [[p.chaos.AllowCreatePhysxBodies:1]]
[2019.11.14-17.19.18:180][  0]LogConfig: Setting CVar [[fx.SkipVectorVMBackendOptimizations:1]]
[2019.11.14-17.19.18:180][  0]LogConfig: Applying CVar settings from Section [ConsoleVariables] File [D:/Project/ellipse1/Saved/Config/Windows/Engine.ini]
[2019.11.14-17.19.18:180][  0]LogInit: Computer: JOHNVK-PC
[2019.11.14-17.19.18:180][  0]LogInit: User: Миша
[2019.11.14-17.19.18:180][  0]LogInit: CPU Page size=4096, Cores=4
[2019.11.14-17.19.18:180][  0]LogInit: High frequency timer resolution =10.000000 MHz
[2019.11.14-17.19.18:180][  0]LogMemory: Memory total: Physical=15.9GB (16GB approx)
[2019.11.14-17.19.18:180][  0]LogMemory: Platform Memory Stats for Windows
[2019.11.14-17.19.18:180][  0]LogMemory: Process Physical Memory: 100.82 MB used, 100.82 MB peak
[2019.11.14-17.19.18:180][  0]LogMemory: Process Virtual Memory: 88.21 MB used, 88.21 MB peak
[2019.11.14-17.19.18:180][  0]LogMemory: Physical Memory: 5873.10 MB used,  10456.89 MB free, 16329.99 MB total
[2019.11.14-17.19.18:180][  0]LogMemory: Virtual Memory: 4644.29 MB used,  134213080.00 MB free, 134217728.00 MB total
[2019.11.14-17.19.18:182][  0]LogWindows: WindowsPlatformFeatures enabled
[2019.11.14-17.19.18:204][  0]LogInit: Overriding language with editor language configuration option (en).
[2019.11.14-17.19.18:204][  0]LogInit: Overriding locale with editor culture configuration option ().
[2019.11.14-17.19.18:204][  0]LogInit: Using OS detected locale (ru-RU).
[2019.11.14-17.19.18:390][  0]LogInit: Setting process to per monitor DPI aware
[2019.11.14-17.19.18:415][  0]LogSlate: New Slate User Created.  User Index 0, Is Virtual User: 0
[2019.11.14-17.19.18:415][  0]LogSlate: Slate User Registered.  User Index 0, Is Virtual User: 0
[2019.11.14-17.19.18:564][  0]LogHMD: Failed to initialize OpenVR with code 110
[2019.11.14-17.19.18:564][  0]LogD3D11RHI: D3D11 adapters:
[2019.11.14-17.19.18:642][  0]LogD3D11RHI:    0. 'NVIDIA GeForce GTX 1050 Ti' (Feature Level 11_0)
[2019.11.14-17.19.18:642][  0]LogD3D11RHI:       4018/0/8164 MB DedicatedVideo/DedicatedSystem/SharedSystem, Outputs:1, VendorId:0x10de
[2019.11.14-17.19.18:644][  0]LogD3D11RHI:    1. 'Microsoft Basic Render Driver' (Feature Level 11_0)
[2019.11.14-17.19.18:644][  0]LogD3D11RHI:       0/0/8164 MB DedicatedVideo/DedicatedSystem/SharedSystem, Outputs:0, VendorId:0x1414
[2019.11.14-17.19.18:644][  0]LogD3D11RHI: Chosen D3D11 Adapter: 0
[2019.11.14-17.19.18:649][  0]LogD3D11RHI: Creating new Direct3DDevice
[2019.11.14-17.19.18:649][  0]LogD3D11RHI:     GPU DeviceId: 0x1c82 (for the marketing name, search the web for "GPU Device Id")
[2019.11.14-17.19.18:649][  0]LogWindows: EnumDisplayDevices:
[2019.11.14-17.19.18:650][  0]LogWindows:    0. 'NVIDIA GeForce GTX 1050 Ti' (P:1 D:1)
[2019.11.14-17.19.18:650][  0]LogWindows:    1. 'NVIDIA GeForce GTX 1050 Ti' (P:0 D:0)
[2019.11.14-17.19.18:650][  0]LogWindows:    2. 'NVIDIA GeForce GTX 1050 Ti' (P:0 D:0)
[2019.11.14-17.19.18:650][  0]LogWindows:    3. 'NVIDIA GeForce GTX 1050 Ti' (P:0 D:0)
[2019.11.14-17.19.18:650][  0]LogWindows: DebugString: FoundDriverCount:4 
[2019.11.14-17.19.18:650][  0]LogD3D11RHI:     Adapter Name: NVIDIA GeForce GTX 1050 Ti
[2019.11.14-17.19.18:650][  0]LogD3D11RHI:   Driver Version: 441.12 (internal:26.21.14.4112, unified:441.12)
[2019.11.14-17.19.18:650][  0]LogD3D11RHI:      Driver Date: 10-24-2019
[2019.11.14-17.19.18:650][  0]LogRHI: Texture pool is 2812 MB (70% of 4018 MB)
[2019.11.14-17.19.18:703][  0]LogD3D11RHI: Async texture creation enabled
[2019.11.14-17.19.18:722][  0]LogD3D11RHI: GPU Timing Frequency: 1000.000000 (Debug: 2 1)
[2019.11.14-17.19.19:011][  0]LogTemp: Display: Module 'AllDesktopTargetPlatform' loaded TargetPlatform 'AllDesktop'
[2019.11.14-17.19.19:020][  0]LogTemp: Display: Module 'MacClientTargetPlatform' loaded TargetPlatform 'MacClient'
[2019.11.14-17.19.19:029][  0]LogTemp: Display: Module 'MacNoEditorTargetPlatform' loaded TargetPlatform 'MacNoEditor'
[2019.11.14-17.19.19:038][  0]LogTemp: Display: Module 'MacServerTargetPlatform' loaded TargetPlatform 'MacServer'
[2019.11.14-17.19.19:048][  0]LogTemp: Display: Module 'MacTargetPlatform' loaded TargetPlatform 'Mac'
[2019.11.14-17.19.19:057][  0]LogTemp: Display: Module 'WindowsClientTargetPlatform' loaded TargetPlatform 'WindowsClient'
[2019.11.14-17.19.19:067][  0]LogTemp: Display: Module 'WindowsNoEditorTargetPlatform' loaded TargetPlatform 'WindowsNoEditor'
[2019.11.14-17.19.19:076][  0]LogTemp: Display: Module 'WindowsServerTargetPlatform' loaded TargetPlatform 'WindowsServer'
[2019.11.14-17.19.19:080][  0]LogTemp: Display: Module 'WindowsTargetPlatform' loaded TargetPlatform 'Windows'
[2019.11.14-17.19.19:114][  0]LogTemp: Display: Module 'AndroidTargetPlatform' loaded TargetPlatform 'Android'
[2019.11.14-17.19.19:114][  0]LogTemp: Display: Module 'AndroidTargetPlatform' loaded TargetPlatform 'Android_ASTC'
[2019.11.14-17.19.19:114][  0]LogTemp: Display: Module 'AndroidTargetPlatform' loaded TargetPlatform 'Android_ATC'
[2019.11.14-17.19.19:114][  0]LogTemp: Display: Module 'AndroidTargetPlatform' loaded TargetPlatform 'Android_DXT'
[2019.11.14-17.19.19:114][  0]LogTemp: Display: Module 'AndroidTargetPlatform' loaded TargetPlatform 'Android_ETC1'
[2019.11.14-17.19.19:114][  0]LogTemp: Display: Module 'AndroidTargetPlatform' loaded TargetPlatform 'Android_ETC1a'
[2019.11.14-17.19.19:114][  0]LogTemp: Display: Module 'AndroidTargetPlatform' loaded TargetPlatform 'Android_ETC2'
[2019.11.14-17.19.19:114][  0]LogTemp: Display: Module 'AndroidTargetPlatform' loaded TargetPlatform 'Android_PVRTC'
[2019.11.14-17.19.19:114][  0]LogTemp: Display: Module 'AndroidTargetPlatform' loaded TargetPlatform 'AndroidClient'
[2019.11.14-17.19.19:114][  0]LogTemp: Display: Module 'AndroidTargetPlatform' loaded TargetPlatform 'Android_ASTCClient'
[2019.11.14-17.19.19:114][  0]LogTemp: Display: Module 'AndroidTargetPlatform' loaded TargetPlatform 'Android_ATCClient'
[2019.11.14-17.19.19:114][  0]LogTemp: Display: Module 'AndroidTargetPlatform' loaded TargetPlatform 'Android_DXTClient'
[2019.11.14-17.19.19:114][  0]LogTemp: Display: Module 'AndroidTargetPlatform' loaded TargetPlatform 'Android_ETC1Client'
[2019.11.14-17.19.19:114][  0]LogTemp: Display: Module 'AndroidTargetPlatform' loaded TargetPlatform 'Android_ETC1aClient'
[2019.11.14-17.19.19:114][  0]LogTemp: Display: Module 'AndroidTargetPlatform' loaded TargetPlatform 'Android_ETC2Client'
[2019.11.14-17.19.19:114][  0]LogTemp: Display: Module 'AndroidTargetPlatform' loaded TargetPlatform 'Android_PVRTCClient'
[2019.11.14-17.19.19:114][  0]LogTemp: Display: Module 'AndroidTargetPlatform' loaded TargetPlatform 'Android_Multi'
[2019.11.14-17.19.19:114][  0]LogTemp: Display: Module 'AndroidTargetPlatform' loaded TargetPlatform 'Android_MultiClient'
[2019.11.14-17.19.19:116][  0]LogTemp: Display: Module 'HTML5TargetPlatform' loaded TargetPlatform 'HTML5'
[2019.11.14-17.19.19:133][  0]LogTemp: Display: Module 'IOSTargetPlatform' loaded TargetPlatform 'IOSClient'
[2019.11.14-17.19.19:133][  0]LogTemp: Display: Module 'IOSTargetPlatform' loaded TargetPlatform 'IOS'
[2019.11.14-17.19.19:147][  0]LogTemp: Display: Module 'TVOSTargetPlatform' loaded TargetPlatform 'TVOSClient'
[2019.11.14-17.19.19:147][  0]LogTemp: Display: Module 'TVOSTargetPlatform' loaded TargetPlatform 'TVOS'
[2019.11.14-17.19.19:154][  0]LogTemp: Display: Module 'LinuxClientTargetPlatform' loaded TargetPlatform 'LinuxClient'
[2019.11.14-17.19.19:162][  0]LogTemp: Display: Module 'LinuxNoEditorTargetPlatform' loaded TargetPlatform 'LinuxNoEditor'
[2019.11.14-17.19.19:169][  0]LogTemp: Display: Module 'LinuxServerTargetPlatform' loaded TargetPlatform 'LinuxServer'
[2019.11.14-17.19.19:177][  0]LogTemp: Display: Module 'LinuxTargetPlatform' loaded TargetPlatform 'Linux'
[2019.11.14-17.19.19:203][  0]LogTemp: Display: Module 'LuminTargetPlatform' loaded TargetPlatform 'Lumin'
[2019.11.14-17.19.19:203][  0]LogTemp: Display: Module 'LuminTargetPlatform' loaded TargetPlatform 'LuminClient'
[2019.11.14-17.19.19:203][  0]LogTargetPlatformManager: Display: Building Assets For Windows
[2019.11.14-17.19.19:212][  0]LogAudioDebug: Display: Lib vorbis DLL was dynamically loaded.
[2019.11.14-17.19.19:263][  0]LogShaderCompilers: Guid format shader working directory is 35 characters bigger than the processId version (D:/Project/ellipse1/Intermediate/Shaders/WorkingDirectory/13844/).
[2019.11.14-17.19.19:263][  0]LogShaderCompilers: Cleaned the shader compiler working directory 'C:/Users/Миша.Johnvk-PC/AppData/Local/Temp/UnrealShaderWorkingDir/7EA5D9A5441CBB6E04C4B1AD1FCAB0BB/'.
[2019.11.14-17.19.19:266][  0]LogXGEController: Cannot use XGE Controller as Incredibuild is not installed on this machine.
[2019.11.14-17.19.19:266][  0]LogShaderCompilers: Cannot use XGE Shader Compiler as Incredibuild is not installed on this machine.
[2019.11.14-17.19.19:266][  0]LogShaderCompilers: Display: Using Local Shader Compiler.
[2019.11.14-17.19.19:925][  0]LogDerivedDataCache: Display: Max Cache Size: 512 MB
[2019.11.14-17.19.19:976][  0]LogDerivedDataCache: Loaded boot cache 0.05s 82MB C:/Users/Миша.Johnvk-PC/AppData/Local/UnrealEngine/4.23/DerivedDataCache/Boot.ddc.
[2019.11.14-17.19.19:976][  0]LogDerivedDataCache: Display: Loaded Boot cache: C:/Users/Миша.Johnvk-PC/AppData/Local/UnrealEngine/4.23/DerivedDataCache/Boot.ddc
[2019.11.14-17.19.19:976][  0]LogDerivedDataCache: FDerivedDataBackendGraph:  Pak pak cache file D:/Project/ellipse1/DerivedDataCache/DDC.ddp not found, will not use a pak cache.
[2019.11.14-17.19.19:976][  0]LogDerivedDataCache: Unable to find inner node Pak for hierarchical cache Hierarchy.
[2019.11.14-17.19.19:976][  0]LogDerivedDataCache: FDerivedDataBackendGraph:  CompressedPak pak cache file D:/Project/ellipse1/DerivedDataCache/Compressed.ddp not found, will not use a pak cache.
[2019.11.14-17.19.19:976][  0]LogDerivedDataCache: Unable to find inner node CompressedPak for hierarchical cache Hierarchy.
[2019.11.14-17.19.19:988][  0]LogDerivedDataCache: Display: Pak cache opened for reading ../../../Engine/DerivedDataCache/Compressed.ddp.
[2019.11.14-17.19.19:988][  0]LogDerivedDataCache: FDerivedDataBackendGraph:  EnterprisePak pak cache file ../../../Enterprise/DerivedDataCache/Compressed.ddp not found, will not use a pak cache.
[2019.11.14-17.19.19:988][  0]LogDerivedDataCache: Unable to find inner node EnterprisePak for hierarchical cache Hierarchy.
[2019.11.14-17.19.19:989][  0]LogDerivedDataCache: Using Local data cache path C:/Users/Миша.Johnvk-PC/AppData/Local/UnrealEngine/Common/DerivedDataCache: Writable
[2019.11.14-17.19.19:989][  0]LogDerivedDataCache: Shared data cache path not found in *engine.ini, will not use an Shared cache.
[2019.11.14-17.19.19:989][  0]LogDerivedDataCache: Unable to find inner node Shared for hierarchical cache Hierarchy.
[2019.11.14-17.19.20:018][  0]LogMaterial: Verifying Global Shaders for PCD3D_SM5
[2019.11.14-17.19.20:021][  0]LogSlate: Using FreeType 2.6.0
[2019.11.14-17.19.20:021][  0]LogSlate: SlateFontServices - WITH_FREETYPE: 1, WITH_HARFBUZZ: 1
[2019.11.14-17.19.20:075][  0]LogAssetRegistry: FAssetRegistry took 0.0023 seconds to start up
[2019.11.14-17.19.20:390][  0]LogInit: Selected Device Profile: [Windows]
[2019.11.14-17.19.20:441][  0]LogMeshReduction: Using QuadricMeshReduction for automatic static mesh reduction
[2019.11.14-17.19.20:441][  0]LogMeshReduction: Using SimplygonMeshReduction for automatic skeletal mesh reduction
[2019.11.14-17.19.20:441][  0]LogMeshReduction: Using ProxyLODMeshReduction for automatic mesh merging
[2019.11.14-17.19.20:441][  0]LogMeshReduction: No distributed automatic mesh merging module available
[2019.11.14-17.19.20:441][  0]LogMeshMerging: No distributed automatic mesh merging module available
[2019.11.14-17.19.20:572][  0]LogNetVersion: ellipse1 1.0.0, NetCL: 8386587, EngineNetVer: 11, GameNetVer: 0 (Checksum: 2516326752)
[2019.11.14-17.19.20:777][  0]LogClass: Warning: In asset 'None', there is an enum property of type 'EDepthOfFieldMethod' with an invalid value of '('
[2019.11.14-17.19.21:011][  0]LogPackageLocalizationCache: Processed 15 localized package path(s) for 1 prioritized culture(s) in 0.037166 seconds
[2019.11.14-17.19.21:018][  0]LogUObjectArray: 43469 objects as part of root set at end of initial load.
[2019.11.14-17.19.21:018][  0]LogUObjectAllocator: 7553416 out of 0 bytes used by permanent object pool.
[2019.11.14-17.19.21:018][  0]LogUObjectArray: CloseDisregardForGC: 0/0 objects in disregard for GC pool
[2019.11.14-17.19.21:900][  0]LogTcpMessaging: Initializing TcpMessaging bridge
[2019.11.14-17.19.21:903][  0]LogUdpMessaging: Initializing bridge on interface 0.0.0.0:0 to multicast group 230.0.0.1:6666.
[2019.11.14-17.19.21:955][  0]SourceControl: Source control is disabled
[2019.11.14-17.19.21:955][  0]SourceControl: Source control is disabled
[2019.11.14-17.19.21:956][  0]SourceControl: Source control is disabled
[2019.11.14-17.19.21:957][  0]SourceControl: Source control is disabled
[2019.11.14-17.19.22:041][  0]LogAndroidPermission: UAndroidPermissionCallbackProxy::GetInstance
[2019.11.14-17.19.22:168][  0]LogOcInput: OculusInput pre-init called
[2019.11.14-17.19.22:174][  0]LogWindows: Failed to load 'OVRPlugin.dll' (GetLastError=126)
[2019.11.14-17.19.22:174][  0]LogWindows: File 'OVRPlugin.dll' does not exist
[2019.11.14-17.19.22:248][  0]LogEngine: Initializing Engine...
[2019.11.14-17.19.22:248][  0]LogHMD: Failed to initialize OpenVR with code 110
[2019.11.14-17.19.22:249][  0]LogStats: UGameplayTagsManager::InitializeManager -  0.000 s
[2019.11.14-17.19.22:512][  0]LogInit: Initializing FReadOnlyCVARCache
[2019.11.14-17.19.22:528][  0]LogAIModule: Creating AISystem for world Untitled
[2019.11.14-17.19.22:544][  0]LogInit: XAudio2 using 'Динамики (Realtek High Definition Audio)' : 2 channels at 48 kHz using 32 bits per sample (channel mask 0x3)
[2019.11.14-17.19.22:562][  0]LogInit: FAudioDevice initialized.
[2019.11.14-17.19.22:563][  0]LogNetVersion: Set ProjectVersion to 1.0.0.0. Version Checksum will be recalculated on next use.
[2019.11.14-17.19.22:644][  0]LogDerivedDataCache: Saved boot cache 0.08s 82MB C:/Users/Миша.Johnvk-PC/AppData/Local/UnrealEngine/4.23/DerivedDataCache/Boot.ddc.
[2019.11.14-17.19.22:646][  0]LogInit: Texture streaming: Enabled
[2019.11.14-17.19.22:665][  0]LogEngineSessionManager: EngineSessionManager initialized
[2019.11.14-17.19.22:706][  0]LogInit: Transaction tracking system initialized
[2019.11.14-17.19.22:738][  0]BlueprintLog: New page: Editor Load
[2019.11.14-17.19.22:818][  0]LocalizationService: Localization service is disabled
[2019.11.14-17.19.23:079][  0]LogFileCache: Scanning file cache for directory 'D:/Project/ellipse1/Content/' took 0.00s
[2019.11.14-17.19.23:079][  0]LogCook: Display: Max memory allowance for cook 16384mb min free memory 0mb
[2019.11.14-17.19.23:079][  0]LogCook: Display: Mobile HDR setting 1
[2019.11.14-17.19.23:267][  0]SourceControl: Source control is disabled
[2019.11.14-17.19.23:268][  0]Cmd: MAP LOAD FILE="D:/Project/ellipse1/Content/StarterContent/Maps/Minimal_Default.umap" TEMPLATE=0 SHOWPROGRESS=1 FEATURELEVEL=3
[2019.11.14-17.19.23:268][  0]LightingResults: New page: Lighting Build
[2019.11.14-17.19.23:271][  0]LogWorld: UWorld::CleanupWorld for Untitled, bSessionEnded=true, bCleanupResources=true
[2019.11.14-17.19.23:271][  0]MapCheck: New page: Map Check
[2019.11.14-17.19.23:271][  0]LightingResults: New page: Lighting Build
[2019.11.14-17.19.23:295][  0]LogUObjectHash: Compacting FUObjectHashTables data took   1.89ms
[2019.11.14-17.19.23:412][  0]LogAIModule: Creating AISystem for world Minimal_Default
[2019.11.14-17.19.23:418][  0]LogEditorServer: Finished looking for orphan Actors (0.000 secs)
[2019.11.14-17.19.23:455][  0]LogUObjectHash: Compacting FUObjectHashTables data took   2.70ms
[2019.11.14-17.19.23:455][  0]Cmd: MAP CHECKDEP NOCLEARLOG
[2019.11.14-17.19.23:455][  0]MapCheck: Map check complete: 0 Error(s), 0 Warning(s), took 0,106ms to complete.
[2019.11.14-17.19.23:455][  0]LogFileHelpers: Loading map 'Minimal_Default' took 0.188
[2019.11.14-17.19.23:540][  0]LogSlate: Updating window title bar state: overlay mode, drag disabled, window buttons hidden, title bar hidden
[2019.11.14-17.19.23:548][  0]LogSlate: Updating window title bar state: overlay mode, drag disabled, window buttons hidden, title bar hidden
[2019.11.14-17.19.23:557][  0]LogSlate: Updating window title bar state: overlay mode, drag disabled, window buttons hidden, title bar hidden
[2019.11.14-17.19.23:565][  0]LogSlate: Updating window title bar state: overlay mode, drag disabled, window buttons hidden, title bar hidden
[2019.11.14-17.19.23:572][  0]LogCollectionManager: Loaded 0 collections in 0.001853 seconds
[2019.11.14-17.19.23:578][  0]LogFileCache: Scanning file cache for directory 'D:/Project/ellipse1/Saved/Collections/' took 0.00s
[2019.11.14-17.19.23:578][  0]LogFileCache: Scanning file cache for directory 'D:/Project/ellipse1/Content/Developers/Миша/Collections/' took 0.00s
[2019.11.14-17.19.23:578][  0]LogFileCache: Scanning file cache for directory 'D:/Project/ellipse1/Content/Collections/' took 0.00s
[2019.11.14-17.19.23:578][  0]LogCollectionManager: Rebuilt the GUID cache for 0 collections in 0.000002 seconds
[2019.11.14-17.19.23:588][  0]LogContentBrowser: Native class hierarchy populated in 0.0093 seconds. Added 3002 classes and 704 folders.
[2019.11.14-17.19.23:596][  0]LogContentBrowser: Native class hierarchy updated for 'WidgetCarousel' in 0.0002 seconds. Added 0 classes and 0 folders.
[2019.11.14-17.19.23:635][  0]LogContentBrowser: Native class hierarchy updated for 'AddContentDialog' in 0.0002 seconds. Added 0 classes and 0 folders.
[2019.11.14-17.19.23:646][  0]LogContentBrowser: Native class hierarchy updated for 'SceneOutliner' in 0.0003 seconds. Added 1 classes and 2 folders.
[2019.11.14-17.19.23:721][  0]LogSlate: Took 0.000117 seconds to synchronously load lazily loaded font '../../../Engine/Content/Slate/Fonts/Roboto-Regular.ttf' (155K)
[2019.11.14-17.19.23:722][  0]LogSlate: Took 0.000107 seconds to synchronously load lazily loaded font '../../../Engine/Content/Slate/Fonts/Roboto-Bold.ttf' (160K)
[2019.11.14-17.19.23:725][  0]LogSlate: Took 0.000108 seconds to synchronously load lazily loaded font '../../../Engine/Content/Editor/Slate/Fonts/FontAwesome.ttf' (139K)
[2019.11.14-17.19.23:782][  0]LogRenderer: Reallocating scene render targets to support 1176x520 Format 10 NumSamples 1 (Frame:1).
[2019.11.14-17.19.23:916][  0]LogContentBrowser: Native class hierarchy updated for 'HierarchicalLODOutliner' in 0.0003 seconds. Added 0 classes and 0 folders.
[2019.11.14-17.19.23:916][  0]LogLoad: (Engine Initialization) Total time: 6.65 seconds
[2019.11.14-17.19.23:916][  0]LogLoad: (Engine Initialization) Total Blueprint compile time: 0.00 seconds
[2019.11.14-17.19.23:973][  0]LogAssetRegistry: Asset discovery search completed in 3.8987 seconds
[2019.11.14-17.19.23:977][  0]LogCollectionManager: Rebuilt the object cache for 0 collections in 0.000005 seconds (found 0 objects)
[2019.11.14-17.19.23:977][  0]LogCollectionManager: Fixed up redirectors for 0 collections in 0.000072 seconds (updated 0 objects)
[2019.11.14-17.19.23:979][  0]LogContentStreaming: Texture pool size now 1000 MB
[2019.11.14-17.19.24:012][  0]LogSlate: Took 0.000200 seconds to synchronously load lazily loaded font '../../../Engine/Content/Slate/Fonts/Roboto-Light.ttf' (167K)
[2019.11.14-17.19.25:268][  4]LogSlate: Took 0.000157 seconds to synchronously load lazily loaded font '../../../Engine/Content/Slate/Fonts/Roboto-Light.ttf' (167K)
[2019.11.14-17.19.39:625][ 47]LogSlate: FSceneViewport::OnFocusLost() reason 0
[2019.11.14-17.19.39:722][ 56]LogAssetEditorManager: Opening Asset editor for Blueprint /Game/StarterContent/Blueprints/camTest.camTest
[2019.11.14-17.19.39:999][ 56]LogContentBrowser: Native class hierarchy updated for 'BlueprintGraph' in 0.0005 seconds. Added 121 classes and 0 folders.
[2019.11.14-17.19.41:060][ 56]LogAssetEditorManager: Opening Asset editor for Blueprint /Game/StarterContent/Blueprints/ElipseBP2.ElipseBP2
[2019.11.14-17.19.41:433][ 56]LogAssetEditorManager: Opening Asset editor for Blueprint /Game/StarterContent/Blueprints/ElipseBP3.ElipseBP3
[2019.11.14-17.19.41:810][ 56]LogSlate: Took 0.000149 seconds to synchronously load lazily loaded font '../../../Engine/Content/Slate/Fonts/Roboto-BoldCondensed.ttf' (158K)
[2019.11.14-17.19.41:884][ 57]LogSlate: Took 0.000123 seconds to synchronously load lazily loaded font '../../../Engine/Content/Slate/Fonts/Roboto-Italic.ttf' (157K)
[2019.11.14-17.19.42:479][111]LogSlate: Window 'ElipseBP3' being destroyed
[2019.11.14-17.19.42:482][111]LogSlate: Window 'ElipseBP3' being destroyed
[2019.11.14-17.19.42:495][111]LogWorld: UWorld::CleanupWorld for World_3, bSessionEnded=true, bCleanupResources=true
[2019.11.14-17.19.42:537][111]LogActorComponent: UnregisterComponent: (/Engine/Transient.EditorFloorComp) Not registered. Aborting.
[2019.11.14-17.19.42:537][111]LogWorld: UWorld::CleanupWorld for World_4, bSessionEnded=true, bCleanupResources=true
[2019.11.14-17.19.43:210][182]LogUObjectHash: Compacting FUObjectHashTables data took   4.03ms
[2019.11.14-17.19.43:270][182]LogActorComponent: UnregisterComponent: (/Engine/Transient.EditorFloorComp) Not registered. Aborting.
[2019.11.14-17.19.43:270][182]LogWorld: UWorld::CleanupWorld for World_2, bSessionEnded=true, bCleanupResources=true
[2019.11.14-17.19.43:302][182]LogSlate: Window 'ellipse1 - Unreal Editor' being destroyed
[2019.11.14-17.19.43:303][182]LogWindowsTextInputMethodSystem: Display: IME system now deactivated.
[2019.11.14-17.19.43:396][183]Cmd: QUIT_EDITOR
[2019.11.14-17.19.43:422][183]LogExit: Preparing to exit.
[2019.11.14-17.19.43:931][183]LogWorld: UWorld::CleanupWorld for World_0, bSessionEnded=true, bCleanupResources=true
[2019.11.14-17.19.43:934][183]LogWorld: UWorld::CleanupWorld for World_1, bSessionEnded=true, bCleanupResources=true
[2019.11.14-17.19.43:936][183]LogWorld: UWorld::CleanupWorld for World_5, bSessionEnded=true, bCleanupResources=true
[2019.11.14-17.19.43:966][183]LogDemo: Cleaned up 0 splitscreen connections with owner deletion
[2019.11.14-17.19.43:973][183]LogWorld: UWorld::CleanupWorld for None, bSessionEnded=true, bCleanupResources=true
[2019.11.14-17.19.43:973][183]LogExit: Editor shut down
[2019.11.14-17.19.43:973][183]LogExit: Transaction tracking system shut down
[2019.11.14-17.19.44:386][183]LogExit: Object subsystem successfully closed.
[2019.11.14-17.19.44:408][183]LogShaderCompilers: Display: Shaders left to compile 0
[2019.11.14-17.19.44:435][183]LogModuleManager: Shutting down and abandoning module BlueprintGraph (688)
[2019.11.14-17.19.44:435][183]LogModuleManager: Shutting down and abandoning module HierarchicalLODOutliner (686)
[2019.11.14-17.19.44:435][183]LogModuleManager: Shutting down and abandoning module SceneOutliner (684)
[2019.11.14-17.19.44:435][183]LogModuleManager: Shutting down and abandoning module AddContentDialog (682)
[2019.11.14-17.19.44:435][183]LogModuleManager: Shutting down and abandoning module WidgetCarousel (681)
[2019.11.14-17.19.44:435][183]LogModuleManager: Shutting down and abandoning module EditorWidgets (678)
[2019.11.14-17.19.44:435][183]LogModuleManager: Shutting down and abandoning module CollectionManager (676)
[2019.11.14-17.19.44:435][183]LogModuleManager: Shutting down and abandoning module StatsViewer (674)
[2019.11.14-17.19.44:435][183]LogModuleManager: Shutting down and abandoning module VirtualTexturingEditor (672)
[2019.11.14-17.19.44:435][183]LogModuleManager: Shutting down and abandoning module FoliageEdit (670)
[2019.11.14-17.19.44:435][183]LogModuleManager: Shutting down and abandoning module LandscapeEditor (668)
[2019.11.14-17.19.44:435][183]LogModuleManager: Shutting down and abandoning module MeshPaintMode (666)
[2019.11.14-17.19.44:435][183]LogModuleManager: Shutting down and abandoning module SceneDepthPickerMode (664)
[2019.11.14-17.19.44:435][183]LogModuleManager: Shutting down and abandoning module ActorPickerMode (662)
[2019.11.14-17.19.44:435][183]LogModuleManager: Shutting down and abandoning module GeometryMode (660)
[2019.11.14-17.19.44:435][183]LogModuleManager: Shutting down and abandoning module TextureAlignMode (658)
[2019.11.14-17.19.44:435][183]LogModuleManager: Shutting down and abandoning module BspMode (656)
[2019.11.14-17.19.44:435][183]LogModuleManager: Shutting down and abandoning module PIEPreviewDeviceProfileSelector (654)
[2019.11.14-17.19.44:435][183]LogModuleManager: Shutting down and abandoning module SequenceRecorderSections (652)
[2019.11.14-17.19.44:435][183]LogModuleManager: Shutting down and abandoning module AutomationWorker (650)
[2019.11.14-17.19.44:435][183]LogModuleManager: Shutting down and abandoning module OculusMR (648)
[2019.11.14-17.19.44:435][183]LogModuleManager: Shutting down and abandoning module AudioCaptureEditor (646)
[2019.11.14-17.19.44:436][183]LogModuleManager: Shutting down and abandoning module MatineeToLevelSequence (644)
[2019.11.14-17.19.44:436][183]LogModuleManager: Shutting down and abandoning module LevelSequenceEditor (642)
[2019.11.14-17.19.44:436][183]LogModuleManager: Shutting down and abandoning module PlacementMode (641)
[2019.11.14-17.19.44:436][183]LogModuleManager: Shutting down and abandoning module MaterialEditor (640)
[2019.11.14-17.19.44:436][183]LogModuleManager: Shutting down and abandoning module ActorSequenceEditor (636)
[2019.11.14-17.19.44:436][183]LogModuleManager: Shutting down and abandoning module WmfMediaFactory (634)
[2019.11.14-17.19.44:436][183]LogModuleManager: Shutting down and abandoning module WmfMediaEditor (632)
[2019.11.14-17.19.44:436][183]LogModuleManager: Shutting down and abandoning module WebMMediaFactory (630)
[2019.11.14-17.19.44:436][183]LogModuleManager: Shutting down and abandoning module WebMMediaEditor (628)
[2019.11.14-17.19.44:436][183]LogModuleManager: Shutting down and abandoning module WebMMedia (626)
[2019.11.14-17.19.44:436][183]LogModuleManager: Shutting down and abandoning module MediaPlayerEditor (624)
[2019.11.14-17.19.44:436][183]LogModuleManager: Shutting down and abandoning module MediaCompositingEditor (622)
[2019.11.14-17.19.44:436][183]LogModuleManager: Shutting down and abandoning module SequenceRecorder (621)
[2019.11.14-17.19.44:436][183]LogModuleManager: Shutting down and abandoning module OpenExrWrapper (618)
[2019.11.14-17.19.44:436][183]LogModuleManager: Shutting down and abandoning module ImgMediaFactory (616)
[2019.11.14-17.19.44:436][183]LogModuleManager: Shutting down and abandoning module ImgMediaEditor (614)
[2019.11.14-17.19.44:436][183]LogModuleManager: Shutting down and abandoning module AvfMediaFactory (612)
[2019.11.14-17.19.44:436][183]LogModuleManager: Shutting down and abandoning module AvfMediaEditor (610)
[2019.11.14-17.19.44:436][183]LogModuleManager: Shutting down and abandoning module AndroidMediaFactory (608)
[2019.11.14-17.19.44:436][183]LogModuleManager: Shutting down and abandoning module AndroidMediaEditor (606)
[2019.11.14-17.19.44:436][183]LogModuleManager: Shutting down and abandoning module MagicLeapCameraPreviewFactory (604)
[2019.11.14-17.19.44:436][183]LogModuleManager: Shutting down and abandoning module MagicLeapMediaCodecFactory (602)
[2019.11.14-17.19.44:436][183]LogModuleManager: Shutting down and abandoning module MagicLeapMediaFactory (600)
[2019.11.14-17.19.44:436][183]LogModuleManager: Shutting down and abandoning module MagicLeapMediaEditor (598)
[2019.11.14-17.19.44:436][183]LogModuleManager: Shutting down and abandoning module CharacterAI (596)
[2019.11.14-17.19.44:436][183]LogModuleManager: Shutting down and abandoning module SmartSnapping (594)
[2019.11.14-17.19.44:436][183]LogModuleManager: Shutting down and abandoning module SessionServices (592)
[2019.11.14-17.19.44:436][183]LogModuleManager: Shutting down and abandoning module MeshPaint (590)
[2019.11.14-17.19.44:436][183]LogModuleManager: Shutting down and abandoning module ViewportSnapping (588)
[2019.11.14-17.19.44:436][183]LogModuleManager: Shutting down and abandoning module ViewportInteraction (586)
[2019.11.14-17.19.44:436][183]LogModuleManager: Shutting down and abandoning module ClothPainter (584)
[2019.11.14-17.19.44:436][183]LogModuleManager: Shutting down and abandoning module SkeletalMeshEditor (583)
[2019.11.14-17.19.44:436][183]LogModuleManager: Shutting down and abandoning module LogVisualizer (580)
[2019.11.14-17.19.44:436][183]LogModuleManager: Shutting down and abandoning module IntroTutorials (578)
[2019.11.14-17.19.44:436][183]LogModuleManager: Shutting down and abandoning module GameProjectGeneration (577)
[2019.11.14-17.19.44:436][183]LogModuleManager: Shutting down and abandoning module LuminPlatformEditor (574)
[2019.11.14-17.19.44:436][183]LogModuleManager: Shutting down and abandoning module IOSPlatformEditor (572)
[2019.11.14-17.19.44:437][183]LogModuleManager: Shutting down and abandoning module HTML5PlatformEditor (570)
[2019.11.14-17.19.44:437][183]LogModuleManager: Shutting down and abandoning module AndroidPlatformEditor (568)
[2019.11.14-17.19.44:437][183]LogModuleManager: Shutting down and abandoning module AndroidDeviceDetection (567)
[2019.11.14-17.19.44:871][183]LogModuleManager: Shutting down and abandoning module WindowsPlatformEditor (564)
[2019.11.14-17.19.44:871][183]LogModuleManager: Shutting down and abandoning module LuminRuntimeSettings (562)
[2019.11.14-17.19.44:871][183]LogModuleManager: Shutting down and abandoning module IOSRuntimeSettings (560)
[2019.11.14-17.19.44:871][183]LogModuleManager: Shutting down and abandoning module AndroidRuntimeSettings (558)
[2019.11.14-17.19.44:871][183]LogModuleManager: Shutting down and abandoning module TimeManagementEditor (556)
[2019.11.14-17.19.44:871][183]LogModuleManager: Shutting down and abandoning module InputBindingEditor (554)
[2019.11.14-17.19.44:871][183]LogModuleManager: Shutting down and abandoning module MergeActors (552)
[2019.11.14-17.19.44:871][183]LogModuleManager: Shutting down and abandoning module LocalizationDashboard (550)
[2019.11.14-17.19.44:871][183]LogModuleManager: Shutting down and abandoning module LocalizationService (549)
[2019.11.14-17.19.44:872][183]LogModuleManager: Shutting down and abandoning module HardwareTargeting (546)
[2019.11.14-17.19.44:872][183]LogModuleManager: Shutting down and abandoning module DeviceProfileEditor (544)
[2019.11.14-17.19.44:872][183]LogModuleManager: Shutting down and abandoning module UndoHistory (542)
[2019.11.14-17.19.44:872][183]LogModuleManager: Shutting down and abandoning module XmlParser (540)
[2019.11.14-17.19.44:872][183]LogModuleManager: Shutting down and abandoning module Blutility (538)
[2019.11.14-17.19.44:872][183]LogModuleManager: Shutting down and abandoning module ProjectSettingsViewer (536)
[2019.11.14-17.19.44:872][183]LogModuleManager: Shutting down and abandoning module ProjectTargetPlatformEditor (535)
[2019.11.14-17.19.44:872][183]LogModuleManager: Shutting down and abandoning module EditorSettingsViewer (532)
[2019.11.14-17.19.44:872][183]LogModuleManager: Shutting down and abandoning module SettingsEditor (530)
[2019.11.14-17.19.44:872][183]LogModuleManager: Shutting down and abandoning module ProjectLauncher (528)
[2019.11.14-17.19.44:872][183]LogModuleManager: Shutting down and abandoning module SessionFrontend (526)
[2019.11.14-17.19.44:872][183]LogModuleManager: Shutting down and abandoning module ProfilerClient (524)
[2019.11.14-17.19.44:872][183]LogModuleManager: Shutting down and abandoning module DeviceManager (522)
[2019.11.14-17.19.44:872][183]LogModuleManager: Shutting down and abandoning module TargetDeviceServices (521)
[2019.11.14-17.19.44:916][183]LogModuleManager: Shutting down and abandoning module AutomationController (518)
[2019.11.14-17.19.44:916][183]LogModuleManager: Shutting down and abandoning module AutomationWindow (516)
[2019.11.14-17.19.44:916][183]LogModuleManager: Shutting down and abandoning module Layers (514)
[2019.11.14-17.19.44:916][183]LogModuleManager: Shutting down and abandoning module ComponentVisualizers (512)
[2019.11.14-17.19.44:916][183]LogModuleManager: Shutting down and abandoning module DetailCustomizations (510)
[2019.11.14-17.19.44:916][183]LogModuleManager: Shutting down and abandoning module PackagesDialog (508)
[2019.11.14-17.19.44:916][183]LogModuleManager: Shutting down and abandoning module AnimationBlueprintEditor (506)
[2019.11.14-17.19.44:916][183]LogModuleManager: Shutting down and abandoning module Persona (504)
[2019.11.14-17.19.44:916][183]LogModuleManager: Shutting down and abandoning module AdvancedPreviewScene (503)
[2019.11.14-17.19.44:916][183]LogModuleManager: Shutting down and abandoning module AnimGraph (501)
[2019.11.14-17.19.44:916][183]LogModuleManager: Shutting down and abandoning module Kismet (498)
[2019.11.14-17.19.44:917][183]LogModuleManager: Shutting down and abandoning module KismetWidgets (497)
[2019.11.14-17.19.44:917][183]LogModuleManager: Shutting down and abandoning module GraphEditor (494)
[2019.11.14-17.19.44:917][183]LogModuleManager: Shutting down and abandoning module StructViewer (492)
[2019.11.14-17.19.44:917][183]LogModuleManager: Shutting down and abandoning module ClassViewer (490)
[2019.11.14-17.19.44:917][183]LogModuleManager: Shutting down and abandoning module Toolbox (488)
[2019.11.14-17.19.44:917][183]LogModuleManager: Shutting down and abandoning module ModuleUI (486)
[2019.11.14-17.19.44:917][183]LogModuleManager: Shutting down and abandoning module MovieSceneTools (484)
[2019.11.14-17.19.44:917][183]LogModuleManager: Shutting down and abandoning module OutputLog (482)
[2019.11.14-17.19.44:917][183]LogModuleManager: Shutting down and abandoning module GammaUI (480)
[2019.11.14-17.19.44:917][183]LogModuleManager: Shutting down and abandoning module Documentation (478)
[2019.11.14-17.19.44:917][183]LogModuleManager: Shutting down and abandoning module LiveCoding (476)
[2019.11.14-17.19.44:917][183]LogModuleManager: Shutting down and abandoning module LevelSequence (474)
[2019.11.14-17.19.44:917][183]LogModuleManager: Shutting down and abandoning module MovieSceneTracks (472)
[2019.11.14-17.19.44:917][183]LogModuleManager: Shutting down and abandoning module MovieScene (470)
[2019.11.14-17.19.44:917][183]LogModuleManager: Shutting down and abandoning module StreamingPauseRendering (468)
[2019.11.14-17.19.44:917][183]LogModuleManager: Shutting down and abandoning module LauncherPlatform (466)
[2019.11.14-17.19.44:917][183]LogModuleManager: Shutting down and abandoning module AnalyticsET (464)
[2019.11.14-17.19.44:917][183]LogModuleManager: Shutting down and abandoning module PortalServices (462)
[2019.11.14-17.19.44:917][183]LogModuleManager: Shutting down and abandoning module PortalRpc (460)
[2019.11.14-17.19.44:917][183]LogModuleManager: Shutting down and abandoning module MessagingRpc (458)
[2019.11.14-17.19.44:917][183]LogModuleManager: Shutting down and abandoning module AIModule (456)
[2019.11.14-17.19.44:917][183]LogModuleManager: Shutting down and abandoning module GameplayDebugger (455)
[2019.11.14-17.19.44:917][183]LogModuleManager: Shutting down and abandoning module AITestSuite (453)
[2019.11.14-17.19.44:917][183]LogModuleManager: Shutting down and abandoning module NavigationSystem (451)
[2019.11.14-17.19.44:917][183]LogModuleManager: Shutting down and abandoning module DesktopPlatform (448)
[2019.11.14-17.19.44:917][183]LogModuleManager: Shutting down and abandoning module ImageWriteQueue (446)
[2019.11.14-17.19.44:920][183]LogModuleManager: Shutting down and abandoning module ProfilerService (444)
[2019.11.14-17.19.45:013][183]LogModuleManager: Shutting down and abandoning module TaskGraph (442)
[2019.11.14-17.19.45:013][183]LogModuleManager: Shutting down and abandoning module ScreenshotTools (440)
[2019.11.14-17.19.45:013][183]LogModuleManager: Shutting down and abandoning module SteamVRController (438)
[2019.11.14-17.19.45:013][183]LogModuleManager: Shutting down and abandoning module ProceduralMeshComponentEditor (436)
[2019.11.14-17.19.45:013][183]LogModuleManager: Shutting down and abandoning module ProceduralMeshComponent (434)
[2019.11.14-17.19.45:013][183]LogModuleManager: Shutting down and abandoning module OculusEditor (432)
[2019.11.14-17.19.45:013][183]LogModuleManager: Shutting down and abandoning module OculusInput (430)
[2019.11.14-17.19.45:013][183]LogModuleManager: Shutting down and abandoning module MobilePatchingUtils (428)
[2019.11.14-17.19.45:013][183]LogModuleManager: Shutting down and abandoning module EditableMesh (426)
[2019.11.14-17.19.45:013][183]LogModuleManager: Shutting down and abandoning module CustomMeshComponent (424)
[2019.11.14-17.19.45:014][183]LogModuleManager: Shutting down and abandoning module CableComponent (422)
[2019.11.14-17.19.45:014][183]LogModuleManager: Shutting down and abandoning module AudioCapture (420)
[2019.11.14-17.19.45:014][183]LogModuleManager: Shutting down and abandoning module ArchVisCharacter (418)
[2019.11.14-17.19.45:014][183]LogModuleManager: Shutting down and abandoning module AppleImageUtilsBlueprintSupport (416)
[2019.11.14-17.19.45:014][183]LogModuleManager: Shutting down and abandoning module AppleImageUtils (414)
[2019.11.14-17.19.45:014][183]LogModuleManager: Shutting down and abandoning module AndroidPermission (412)
[2019.11.14-17.19.45:014][183]LogModuleManager: Shutting down and abandoning module NUTUnrealEngine4 (410)
[2019.11.14-17.19.45:014][183]LogModuleManager: Shutting down and abandoning module NetcodeUnitTest (408)
[2019.11.14-17.19.45:014][183]LogModuleManager: Shutting down and abandoning module MediaCompositing (406)
[2019.11.14-17.19.45:014][183]LogModuleManager: Shutting down and abandoning module ImgMedia (404)
[2019.11.14-17.19.45:014][183]LogModuleManager: Shutting down and abandoning module MagicLeapHelperVulkan (402)
[2019.11.14-17.19.45:014][183]LogModuleManager: Shutting down and abandoning module MagicLeapHelperOpenGL (400)
[2019.11.14-17.19.45:014][183]LogModuleManager: Shutting down and abandoning module MagicLeapAudio (398)
[2019.11.14-17.19.45:014][183]LogModuleManager: Shutting down and abandoning module NiagaraEditorWidgets (396)
[2019.11.14-17.19.45:014][183]LogModuleManager: Shutting down and abandoning module HoudiniNiagaraEditor (394)
[2019.11.14-17.19.45:014][183]LogModuleManager: Shutting down and abandoning module HoudiniNiagara (392)
[2019.11.14-17.19.45:014][183]LogModuleManager: Shutting down and abandoning module HTML5Networking (390)
[2019.11.14-17.19.45:014][183]LogModuleManager: Shutting down and abandoning module GeometryCacheTracks (388)
[2019.11.14-17.19.45:014][183]LogModuleManager: Shutting down and abandoning module GeometryCacheSequencer (386)
[2019.11.14-17.19.45:014][183]LogModuleManager: Shutting down and abandoning module BackChannel (384)
[2019.11.14-17.19.45:014][183]LogModuleManager: Shutting down and abandoning module AutomationUtilsEditor (382)
[2019.11.14-17.19.45:014][183]LogModuleManager: Shutting down and abandoning module AutomationUtils (380)
[2019.11.14-17.19.45:014][183]LogModuleManager: Shutting down and abandoning module AlembicImporter (378)
[2019.11.14-17.19.45:014][183]LogModuleManager: Shutting down and abandoning module AlembicLibrary (377)
[2019.11.14-17.19.45:014][183]LogModuleManager: Shutting down and abandoning module GeometryCache (376)
[2019.11.14-17.19.45:014][183]LogModuleManager: Shutting down and abandoning module GeometryCacheEd (375)
[2019.11.14-17.19.45:014][183]LogModuleManager: Shutting down and abandoning module VariantManagerContent (370)
[2019.11.14-17.19.45:014][183]LogModuleManager: Shutting down and abandoning module DatasmithContentEditor (368)
[2019.11.14-17.19.45:014][183]LogModuleManager: Shutting down and abandoning module SpeedTreeImporter (366)
[2019.11.14-17.19.45:014][183]LogModuleManager: Shutting down and abandoning module PluginBrowser (364)
[2019.11.14-17.19.45:014][183]LogModuleManager: Shutting down and abandoning module MobileLauncherProfileWizard (362)
[2019.11.14-17.19.45:014][183]LogModuleManager: Shutting down and abandoning module MaterialAnalyzer (360)
[2019.11.14-17.19.45:014][183]LogModuleManager: Shutting down and abandoning module CurveEditorTools (358)
[2019.11.14-17.19.45:014][183]LogModuleManager: Shutting down and abandoning module CurveEditor (357)
[2019.11.14-17.19.45:014][183]LogModuleManager: Shutting down and abandoning module CryptoKeysOpenSSL (354)
[2019.11.14-17.19.45:014][183]LogModuleManager: Shutting down and abandoning module CryptoKeys (352)
[2019.11.14-17.19.45:014][183]LogModuleManager: Shutting down and abandoning module VisualStudioSourceCodeAccess (350)
[2019.11.14-17.19.45:014][183]LogModuleManager: Shutting down and abandoning module VisualStudioCodeSourceCodeAccess (348)
[2019.11.14-17.19.45:014][183]LogModuleManager: Shutting down and abandoning module UObjectPlugin (346)
[2019.11.14-17.19.45:014][183]LogModuleManager: Shutting down and abandoning module SubversionSourceControl (344)
[2019.11.14-17.19.45:014][183]LogModuleManager: Shutting down and abandoning module PerforceSourceControl (342)
[2019.11.14-17.19.45:014][183]LogModuleManager: Shutting down and abandoning module GitSourceControl (340)
[2019.11.14-17.19.45:014][183]LogModuleManager: Shutting down and abandoning module SourceControl (339)
[2019.11.14-17.19.45:015][183]LogModuleManager: Shutting down and abandoning module CLionSourceCodeAccess (336)
[2019.11.14-17.19.45:015][183]LogModuleManager: Shutting down and abandoning module AnimationSharingEd (334)
[2019.11.14-17.19.45:015][183]LogModuleManager: Shutting down and abandoning module ActorLayerUtilitiesEditor (332)
[2019.11.14-17.19.45:015][183]LogModuleManager: Shutting down and abandoning module ActorLayerUtilities (330)
[2019.11.14-17.19.45:015][183]LogModuleManager: Shutting down and abandoning module LightPropagationVolumeEditor (328)
[2019.11.14-17.19.45:015][183]LogModuleManager: Shutting down and abandoning module PaperTiledImporter (326)
[2019.11.14-17.19.45:015][183]LogModuleManager: Shutting down and abandoning module PaperSpriteSheetImporter (324)
[2019.11.14-17.19.45:015][183]LogModuleManager: Shutting down and abandoning module Paper2DEditor (322)
[2019.11.14-17.19.45:015][183]LogModuleManager: Shutting down and abandoning module SignificanceManager (320)
[2019.11.14-17.19.45:015][183]LogModuleManager: Shutting down and abandoning module RuntimePhysXCooking (318)
[2019.11.14-17.19.45:015][183]LogModuleManager: Shutting down and abandoning module PhysXVehiclesEditor (316)
[2019.11.14-17.19.45:015][183]LogModuleManager: Shutting down and abandoning module LocationServicesBPLibrary (312)
[2019.11.14-17.19.45:015][183]LogModuleManager: Shutting down and abandoning module ActorSequence (310)
[2019.11.14-17.19.45:015][183]LogModuleManager: Shutting down and abandoning module UdpMessaging (308)
[2019.11.14-17.19.45:119][183]LogModuleManager: Shutting down and abandoning module TcpMessaging (306)
[2019.11.14-17.19.45:221][183]LogModuleManager: Shutting down and abandoning module MagicLeapIdentity (304)
[2019.11.14-17.19.45:221][183]LogModuleManager: Shutting down and abandoning module MagicLeapSecureStorage (302)
[2019.11.14-17.19.45:221][183]LogModuleManager: Shutting down and abandoning module MagicLeapHandTracking (300)
[2019.11.14-17.19.45:221][183]LogModuleManager: Shutting down and abandoning module MagicLeapEyeTracker (298)
[2019.11.14-17.19.45:221][183]LogModuleManager: Shutting down and abandoning module MagicLeapController (296)
[2019.11.14-17.19.45:221][183]LogSlate: Slate User Destroyed.  User Index 0, Is Virtual User: 0
[2019.11.14-17.19.45:221][183]LogModuleManager: Shutting down and abandoning module MagicLeapAR (294)
[2019.11.14-17.19.45:221][183]LogModuleManager: Shutting down and abandoning module AugmentedReality (293)
[2019.11.14-17.19.45:221][183]LogModuleManager: Shutting down and abandoning module NiagaraEditor (290)
[2019.11.14-17.19.45:221][183]LogModuleManager: Shutting down and abandoning module NiagaraAnimNotifies (288)
[2019.11.14-17.19.45:221][183]LogModuleManager: Shutting down and abandoning module Niagara (286)
[2019.11.14-17.19.45:221][183]LogModuleManager: Shutting down and abandoning module NiagaraCore (284)
[2019.11.14-17.19.45:221][183]LogModuleManager: Shutting down and abandoning module GameplayTagsEditor (282)
[2019.11.14-17.19.45:221][183]LogModuleManager: Shutting down and abandoning module FacialAnimationEditor (280)
[2019.11.14-17.19.45:221][183]LogModuleManager: Shutting down and abandoning module FacialAnimation (278)
[2019.11.14-17.19.45:221][183]LogModuleManager: Shutting down and abandoning module DataValidation (276)
[2019.11.14-17.19.45:221][183]LogModuleManager: Shutting down and abandoning module AssetManagerEditor (274)
[2019.11.14-17.19.45:221][183]LogModuleManager: Shutting down and abandoning module LevelEditor (273)
[2019.11.14-17.19.45:222][183]LogModuleManager: Shutting down and abandoning module PixelInspectorModule (272)
[2019.11.14-17.19.45:222][183]LogModuleManager: Shutting down and abandoning module CommonMenuExtensions (270)
[2019.11.14-17.19.45:222][183]LogModuleManager: Shutting down and abandoning module MainFrame (268)
[2019.11.14-17.19.45:222][183]LogModuleManager: Shutting down and abandoning module HotReload (267)
[2019.11.14-17.19.45:222][183]LogModuleManager: Shutting down and abandoning module ContentBrowser (263)
[2019.11.14-17.19.45:223][183]LogModuleManager: Shutting down and abandoning module TreeMap (261)
[2019.11.14-17.19.45:223][183]LogModuleManager: Shutting down and abandoning module AnimationSharing (258)
[2019.11.14-17.19.45:223][183]LogModuleManager: Shutting down and abandoning module LightPropagationVolumeRuntime (256)
[2019.11.14-17.19.45:223][183]LogModuleManager: Shutting down and abandoning module Paper2D (254)
[2019.11.14-17.19.45:223][183]LogModuleManager: Shutting down and abandoning module WindowsMoviePlayer (252)
[2019.11.14-17.19.45:225][183]LogModuleManager: Shutting down and abandoning module WebMMoviePlayer (250)
[2019.11.14-17.19.45:225][183]LogModuleManager: Shutting down and abandoning module NetworkReplayStreaming (248)
[2019.11.14-17.19.45:225][183]LogModuleManager: Shutting down and abandoning module PacketHandler (246)
[2019.11.14-17.19.45:225][183]LogModuleManager: Shutting down and abandoning module ClothingSystemEditor (244)
[2019.11.14-17.19.45:225][183]LogModuleManager: Shutting down and abandoning module ClothingSystemRuntime (242)
[2019.11.14-17.19.45:225][183]LogModuleManager: Shutting down and abandoning module MediaAssets (240)
[2019.11.14-17.19.45:225][183]LogModuleManager: Shutting down and abandoning module Overlay (238)
[2019.11.14-17.19.45:225][183]LogModuleManager: Shutting down and abandoning module OverlayEditor (237)
[2019.11.14-17.19.45:225][183]LogModuleManager: Shutting down and abandoning module VREditor (234)
[2019.11.14-17.19.45:225][183]LogModuleManager: Shutting down and abandoning module StringTableEditor (232)
[2019.11.14-17.19.45:225][183]LogModuleManager: Shutting down and abandoning module GameplayTasksEditor (230)
[2019.11.14-17.19.45:225][183]LogModuleManager: Shutting down and abandoning module BehaviorTreeEditor (228)
[2019.11.14-17.19.45:226][183]LogModuleManager: Shutting down and abandoning module FunctionalTesting (226)
[2019.11.14-17.19.45:226][183]LogModuleManager: Shutting down and abandoning module CollisionAnalyzer (224)
[2019.11.14-17.19.45:226][183]LogModuleManager: Shutting down and abandoning module WorkspaceMenuStructure (223)
[2019.11.14-17.19.45:226][183]LogModuleManager: Shutting down and abandoning module UMG (220)
[2019.11.14-17.19.45:226][183]LogModuleManager: Shutting down and abandoning module UMGEditor (219)
[2019.11.14-17.19.45:226][183]LogModuleManager: Shutting down and abandoning module Sequencer (218)
[2019.11.14-17.19.45:226][183]LogModuleManager: Shutting down and abandoning module MessageLog (215)
[2019.11.14-17.19.45:226][183]LogModuleManager: Shutting down and abandoning module SlateReflector (210)
[2019.11.14-17.19.45:226][183]LogModuleManager: Shutting down and abandoning module Slate (208)
[2019.11.14-17.19.45:226][183]LogModuleManager: Shutting down and abandoning module LandscapeEditorUtilities (206)
[2019.11.14-17.19.45:226][183]LogModuleManager: Shutting down and abandoning module EditorStyle (204)
[2019.11.14-17.19.45:227][183]LogModuleManager: Shutting down and abandoning module UnrealEd (202)
[2019.11.14-17.19.45:227][183]LogModuleManager: Shutting down and abandoning module MRMesh (200)
[2019.11.14-17.19.45:227][183]LogModuleManager: Shutting down and abandoning module SourceCodeAccess (198)
[2019.11.14-17.19.45:227][183]LogModuleManager: Shutting down and abandoning module HeadMountedDisplay (196)
[2019.11.14-17.19.45:227][183]LogModuleManager: Shutting down and abandoning module XAudio2 (194)
[2019.11.14-17.19.45:227][183]LogModuleManager: Shutting down and abandoning module Networking (192)
[2019.11.14-17.19.45:227][183]LogModuleManager: Shutting down and abandoning module Core (190)
[2019.11.14-17.19.45:227][183]LogModuleManager: Shutting down and abandoning module KismetCompiler (188)
[2019.11.14-17.19.45:227][183]LogModuleManager: Shutting down and abandoning module MeshUtilities (186)
[2019.11.14-17.19.45:227][183]LogModuleManager: Shutting down and abandoning module MeshMergeUtilities (185)
[2019.11.14-17.19.45:227][183]LogModuleManager: Shutting down and abandoning module MeshReductionInterface (184)
[2019.11.14-17.19.45:227][183]LogModuleManager: Shutting down and abandoning module SkeletalMeshReduction (183)
[2019.11.14-17.19.45:227][183]LogModuleManager: Shutting down and abandoning module ProxyLODMeshReduction (181)
[2019.11.14-17.19.45:227][183]LogModuleManager: Shutting down and abandoning module QuadricMeshReduction (179)
[2019.11.14-17.19.45:227][183]LogModuleManager: Shutting down and abandoning module MaterialBaking (175)
[2019.11.14-17.19.45:227][183]LogModuleManager: Shutting down and abandoning module NullInstallBundleManager (170)
[2019.11.14-17.19.45:227][183]LogModuleManager: Shutting down and abandoning module DerivedDataCache (168)
[2019.11.14-17.19.45:530][183]LogDerivedDataCache: Shutdown
[2019.11.14-17.19.45:530][183]LogModuleManager: Shutting down and abandoning module XGEController (166)
[2019.11.14-17.19.45:530][183]LogModuleManager: Shutting down and abandoning module TargetPlatform (164)
[2019.11.14-17.19.45:530][183]LogModuleManager: Shutting down and abandoning module VulkanShaderFormat (163)
[2019.11.14-17.19.45:530][183]LogModuleManager: Shutting down and abandoning module ShaderFormatVectorVM (161)
[2019.11.14-17.19.45:530][183]LogModuleManager: Shutting down and abandoning module ShaderFormatOpenGL (159)
[2019.11.14-17.19.45:530][183]LogModuleManager: Shutting down and abandoning module ShaderFormatD3D (157)
[2019.11.14-17.19.45:530][183]LogModuleManager: Shutting down and abandoning module MetalShaderFormat (155)
[2019.11.14-17.19.45:530][183]LogModuleManager: Shutting down and abandoning module TextureFormatUncompressed (153)
[2019.11.14-17.19.45:530][183]LogModuleManager: Shutting down and abandoning module TextureFormatPVR (151)
[2019.11.14-17.19.45:530][183]LogModuleManager: Shutting down and abandoning module TextureFormatDXT (149)
[2019.11.14-17.19.45:530][183]LogModuleManager: Shutting down and abandoning module TextureFormatIntelISPCTexComp (147)
[2019.11.14-17.19.45:530][183]LogModuleManager: Shutting down and abandoning module TextureFormatASTC (145)
[2019.11.14-17.19.45:530][183]LogModuleManager: Shutting down and abandoning module ImageWrapper (144)
[2019.11.14-17.19.45:530][183]LogModuleManager: Shutting down and abandoning module TextureFormatAndroid (141)
[2019.11.14-17.19.45:530][183]LogModuleManager: Shutting down and abandoning module AudioFormatOpus (139)
[2019.11.14-17.19.45:530][183]LogModuleManager: Shutting down and abandoning module AudioFormatOgg (137)
[2019.11.14-17.19.45:530][183]LogModuleManager: Shutting down and abandoning module AudioFormatADPCM (135)
[2019.11.14-17.19.45:530][183]LogModuleManager: Shutting down and abandoning module LuminTargetPlatform (133)
[2019.11.14-17.19.45:531][183]LogModuleManager: Shutting down and abandoning module LinuxTargetPlatform (131)
[2019.11.14-17.19.45:531][183]LogModuleManager: Shutting down and abandoning module LinuxServerTargetPlatform (129)
[2019.11.14-17.19.45:531][183]LogModuleManager: Shutting down and abandoning module LinuxNoEditorTargetPlatform (127)
[2019.11.14-17.19.45:531][183]LogModuleManager: Shutting down and abandoning module LinuxClientTargetPlatform (125)
[2019.11.14-17.19.45:531][183]LogModuleManager: Shutting down and abandoning module TVOSTargetPlatform (123)
[2019.11.14-17.19.45:531][183]LogModuleManager: Shutting down and abandoning module Messaging (121)
[2019.11.14-17.19.45:531][183]LogModuleManager: Shutting down and abandoning module IOSTargetPlatform (119)
[2019.11.14-17.19.45:532][183]LogModuleManager: Shutting down and abandoning module HTML5TargetPlatform (117)
[2019.11.14-17.19.45:532][183]LogModuleManager: Shutting down and abandoning module AndroidTargetPlatform (115)
[2019.11.14-17.19.45:537][183]LogModuleManager: Shutting down and abandoning module WindowsTargetPlatform (113)
[2019.11.14-17.19.45:537][183]LogModuleManager: Shutting down and abandoning module WindowsServerTargetPlatform (111)
[2019.11.14-17.19.45:537][183]LogModuleManager: Shutting down and abandoning module WindowsNoEditorTargetPlatform (109)
[2019.11.14-17.19.45:537][183]LogModuleManager: Shutting down and abandoning module WindowsClientTargetPlatform (107)
[2019.11.14-17.19.45:537][183]LogModuleManager: Shutting down and abandoning module MacTargetPlatform (105)
[2019.11.14-17.19.45:537][183]LogModuleManager: Shutting down and abandoning module MacServerTargetPlatform (103)
[2019.11.14-17.19.45:537][183]LogModuleManager: Shutting down and abandoning module MacNoEditorTargetPlatform (101)
[2019.11.14-17.19.45:537][183]LogModuleManager: Shutting down and abandoning module MacClientTargetPlatform (99)
[2019.11.14-17.19.45:537][183]LogModuleManager: Shutting down and abandoning module AllDesktopTargetPlatform (97)
[2019.11.14-17.19.45:537][183]LogModuleManager: Shutting down and abandoning module InputCore (94)
[2019.11.14-17.19.45:537][183]LogModuleManager: Shutting down and abandoning module Settings (92)
[2019.11.14-17.19.45:537][183]LogModuleManager: Shutting down and abandoning module DirectoryWatcher (90)
[2019.11.14-17.19.45:537][183]LogModuleManager: Shutting down and abandoning module PhysXCooking (88)
[2019.11.14-17.19.45:537][183]LogModuleManager: Shutting down and abandoning module WindowsPlatformFeatures (86)
[2019.11.14-17.19.45:537][183]LogModuleManager: Shutting down and abandoning module GameplayMediaEncoder (85)
[2019.11.14-17.19.45:537][183]LogModuleManager: Shutting down and abandoning module SteamVR (82)
[2019.11.14-17.19.45:537][183]LogHMD: Freeing OpenVRDLLHandle.
[2019.11.14-17.19.45:537][183]LogModuleManager: Shutting down and abandoning module OculusHMD (80)
[2019.11.14-17.19.45:537][183]LogModuleManager: Shutting down and abandoning module ExampleDeviceProfileSelector (78)
[2019.11.14-17.19.45:537][183]LogModuleManager: Shutting down and abandoning module LauncherChunkInstaller (76)
[2019.11.14-17.19.45:537][183]LogModuleManager: Shutting down and abandoning module OnlineBlueprintSupport (74)
[2019.11.14-17.19.45:537][183]LogModuleManager: Shutting down and abandoning module OnlineSubsystem (70)
[2019.11.14-17.19.45:538][183]LogModuleManager: Shutting down and abandoning module XMPP (65)
[2019.11.14-17.19.45:538][183]LogModuleManager: Shutting down and abandoning module WebSockets (64)
[2019.11.14-17.19.45:557][183]LogModuleManager: Shutting down and abandoning module HTTP (61)
[2019.11.14-17.19.45:557][183]LogHttp: Display: Http module shutting down, but needs to wait on 1 outstanding Http requests:
[2019.11.14-17.19.45:557][183]LogHttp: Display: 	verb=[POST] url=[https://datarouter.ol.epicgames.com/datarouter/api/v1/public/data?SessionID=%7B3E6EBAC0-4595-94BA-9D31-3B8B756EB2CD%7D&AppID=UEEditor.Rocket.Release&AppVersion=4.23.0-8386587%2B%2B%2BUE4%2BRelease-4.23&UserID=9c2ace5345f655078580e49c8fb6e8d2%7C8cceabd9b579470d8f9a69458419fec4%7C80ced9d2-745b-406e-a64a-d94050370940&AppEnvironment=datacollector-binary&UploadType=eteventstream] status=Processing
[2019.11.14-17.19.45:578][183]LogModuleManager: Shutting down and abandoning module SSL (60)
[2019.11.14-17.19.45:579][183]LogModuleManager: Shutting down and abandoning module WmfMedia (56)
[2019.11.14-17.19.45:581][183]LogModuleManager: Shutting down and abandoning module Media (55)
[2019.11.14-17.19.45:582][183]LogModuleManager: Shutting down and abandoning module MagicLeap (52)
[2019.11.14-17.19.45:582][183]LogModuleManager: Shutting down and abandoning module NiagaraVertexFactories (50)
[2019.11.14-17.19.45:582][183]LogModuleManager: Shutting down and abandoning module NiagaraShader (48)
[2019.11.14-17.19.45:582][183]LogModuleManager: Shutting down and abandoning module DatasmithContent (46)
[2019.11.14-17.19.45:583][183]LogModuleManager: Shutting down and abandoning module AISupportModule (44)
[2019.11.14-17.19.45:583][183]LogModuleManager: Shutting down and abandoning module PlatformCryptoOpenSSL (42)
[2019.11.14-17.19.45:583][183]LogModuleManager: Shutting down and abandoning module PlatformCrypto (40)
[2019.11.14-17.19.45:583][183]LogModuleManager: Shutting down and abandoning module AnimationModifiers (38)
[2019.11.14-17.19.45:583][183]LogModuleManager: Shutting down and abandoning module PropertyEditor (37)
[2019.11.14-17.19.45:583][183]LogModuleManager: Shutting down and abandoning module AudioEditor (34)
[2019.11.14-17.19.45:583][183]LogModuleManager: Shutting down and abandoning module TextureCompressor (32)
[2019.11.14-17.19.45:583][183]LogModuleManager: Shutting down and abandoning module RenderCore (30)
[2019.11.14-17.19.45:583][183]LogModuleManager: Shutting down and abandoning module Landscape (28)
[2019.11.14-17.19.45:583][183]LogModuleManager: Shutting down and abandoning module SlateRHIRenderer (26)
[2019.11.14-17.19.45:584][183]LogModuleManager: Shutting down and abandoning module OpenGLDrv (24)
[2019.11.14-17.19.45:584][183]LogModuleManager: Shutting down and abandoning module D3D11RHI (22)
[2019.11.14-17.19.45:584][183]LogModuleManager: Shutting down and abandoning module AnimGraphRuntime (20)
[2019.11.14-17.19.45:584][183]LogModuleManager: Shutting down and abandoning module Renderer (18)
[2019.11.14-17.19.45:584][183]LogModuleManager: Shutting down and abandoning module Engine (16)
[2019.11.14-17.19.45:584][183]LogModuleManager: Shutting down and abandoning module CoreUObject (14)
[2019.11.14-17.19.45:584][183]LogModuleManager: Shutting down and abandoning module NetworkFile (12)
[2019.11.14-17.19.45:584][183]LogModuleManager: Shutting down and abandoning module CookedIterativeFile (10)
[2019.11.14-17.19.45:584][183]LogModuleManager: Shutting down and abandoning module StreamingFile (8)
[2019.11.14-17.19.45:584][183]LogModuleManager: Shutting down and abandoning module SandboxFile (6)
[2019.11.14-17.19.45:584][183]LogModuleManager: Shutting down and abandoning module PakFile (4)
[2019.11.14-17.19.45:584][183]LogModuleManager: Shutting down and abandoning module RSA (3)
[2019.11.14-17.19.45:584][183]LogD3D11RHI: Shutdown
[2019.11.14-17.19.45:584][183]LogD3D11RHI: CleanupD3DDevice
[2019.11.14-17.19.45:585][183]LogRendererCore: FGlobalDynamicReadBuffer::Cleanup()
[2019.11.14-17.19.45:585][183]LogRendererCore: FGlobalDynamicReadBuffer::Cleanup()
[2019.11.14-17.19.45:585][183]LogRendererCore: FGlobalDynamicReadBuffer::Cleanup()
[2019.11.14-17.19.45:657][183]LogD3D11RHI: ~FD3D11DynamicRHI
[2019.11.14-17.19.45:662][183]LogExit: Exiting.
[2019.11.14-17.19.45:672][183]Log file closed, 11/14/19 21:19:45
