Log file open, 11/23/19 19:22:48
LogWindows: Failed to load 'aqProf.dll' (GetLastError=126)
LogWindows: File 'aqProf.dll' does not exist
LogWindows: Failed to load 'VtuneApi.dll' (GetLastError=126)
LogWindows: File 'VtuneApi.dll' does not exist
LogWindows: Failed to load 'VtuneApi32e.dll' (GetLastError=126)
LogWindows: File 'VtuneApi32e.dll' does not exist
LogConsoleResponse: Display: Failed to find resolution value strings in scalability ini. Falling back to default.
LogInit: Display: Running engine for game: ellipse1
LogPlatformFile: Not using cached read wrapper
LogTaskGraph: Started task graph with 5 named threads and 14 total threads with 3 sets of task threads.
LogStats: Stats thread started at 0.078541
LogD3D11RHI: Loaded GFSDK_Aftermath_Lib.x64.dll
LogICUInternationalization: ICU TimeZone Detection - Raw Offset: +4:00, Platform Override: ''
LogPluginManager: Mounting plugin Paper2D
LogPluginManager: Mounting plugin AISupport
LogPluginManager: Mounting plugin LightPropagationVolume
LogPluginManager: Mounting plugin ActorLayerUtilities
LogPluginManager: Mounting plugin AnimationSharing
LogPluginManager: Mounting plugin CLionSourceCodeAccess
LogPluginManager: Mounting plugin CodeLiteSourceCodeAccess
LogPluginManager: Mounting plugin GitSourceControl
LogPluginManager: Mounting plugin KDevelopSourceCodeAccess
LogPluginManager: Mounting plugin NullSourceCodeAccess
LogPluginManager: Mounting plugin PerforceSourceControl
LogPluginManager: Mounting plugin SubversionSourceControl
LogPluginManager: Mounting plugin UObjectPlugin
LogPluginManager: Mounting plugin VisualStudioCodeSourceCodeAccess
LogPluginManager: Mounting plugin VisualStudioSourceCodeAccess
LogPluginManager: Mounting plugin XCodeSourceCodeAccess
LogPluginManager: Mounting plugin AssetManagerEditor
LogPluginManager: Mounting plugin CryptoKeys
LogPluginManager: Mounting plugin CurveEditorTools
LogPluginManager: Mounting plugin DataValidation
LogPluginManager: Mounting plugin FacialAnimation
LogPluginManager: Mounting plugin GameplayTagsEditor
LogPluginManager: Mounting plugin MacGraphicsSwitching
LogPluginManager: Mounting plugin MaterialAnalyzer
LogPluginManager: Mounting plugin MobileLauncherProfileWizard
LogPluginManager: Mounting plugin PluginBrowser
LogPluginManager: Mounting plugin SpeedTreeImporter
LogPluginManager: Mounting plugin DatasmithContent
LogPluginManager: Mounting plugin VariantManagerContent
LogPluginManager: Mounting plugin AlembicImporter
LogPluginManager: Mounting plugin AutomationUtils
LogPluginManager: Mounting plugin BackChannel
LogPluginManager: Mounting plugin CharacterAI
LogPluginManager: Mounting plugin GeometryCache
LogPluginManager: Mounting plugin HTML5Networking
LogPluginManager: Mounting plugin PlatformCrypto
LogPluginManager: Mounting plugin ProxyLODPlugin
LogPluginManager: Mounting plugin SkeletalReduction
LogPluginManager: Mounting plugin HoudiniNiagara
LogPluginManager: Mounting plugin Niagara
LogPluginManager: Mounting plugin NiagaraExtras
LogPluginManager: Mounting plugin MagicLeap
LogPluginManager: Mounting plugin MagicLeapMedia
LogPluginManager: Mounting plugin AndroidMedia
LogPluginManager: Mounting plugin AvfMedia
LogPluginManager: Mounting plugin ImgMedia
LogPluginManager: Mounting plugin MediaCompositing
LogPluginManager: Mounting plugin MediaPlayerEditor
LogPluginManager: Mounting plugin WebMMedia
LogPluginManager: Mounting plugin WmfMedia
LogPluginManager: Mounting plugin TcpMessaging
LogPluginManager: Mounting plugin UdpMessaging
LogPluginManager: Mounting plugin ActorSequence
LogPluginManager: Mounting plugin LevelSequenceEditor
LogPluginManager: Mounting plugin MatineeToLevelSequence
LogPluginManager: Mounting plugin NetcodeUnitTest
LogPluginManager: Mounting plugin NUTUnrealEngine4
LogPluginManager: Mounting plugin OnlineSubsystemGooglePlay
LogPluginManager: Mounting plugin OnlineSubsystemIOS
LogPluginManager: Mounting plugin OnlineSubsystem
LogPluginManager: Mounting plugin OnlineSubsystemNull
LogPluginManager: Mounting plugin OnlineSubsystemUtils
LogPluginManager: Mounting plugin LauncherChunkInstaller
LogPluginManager: Mounting plugin AndroidDeviceProfileSelector
LogPluginManager: Mounting plugin AndroidMoviePlayer
LogPluginManager: Mounting plugin AndroidPermission
LogPluginManager: Mounting plugin AppleImageUtils
LogPluginManager: Mounting plugin AppleMoviePlayer
LogPluginManager: Mounting plugin ArchVisCharacter
LogPluginManager: Mounting plugin AudioCapture
LogPluginManager: Mounting plugin CableComponent
LogPluginManager: Mounting plugin CustomMeshComponent
LogPluginManager: Mounting plugin EditableMesh
LogPluginManager: Mounting plugin ExampleDeviceProfileSelector
LogPluginManager: Mounting plugin GoogleCloudMessaging
LogPluginManager: Mounting plugin IOSDeviceProfileSelector
LogPluginManager: Mounting plugin LinuxDeviceProfileSelector
LogPluginManager: Mounting plugin LocationServicesBPLibrary
LogPluginManager: Mounting plugin MobilePatchingUtils
LogPluginManager: Mounting plugin OculusVR
LogPluginManager: Mounting plugin PhysXVehicles
LogPluginManager: Mounting plugin ProceduralMeshComponent
LogPluginManager: Mounting plugin RuntimePhysXCooking
LogPluginManager: Mounting plugin SignificanceManager
LogPluginManager: Mounting plugin SteamVR
LogPluginManager: Mounting plugin WebMMoviePlayer
LogPluginManager: Mounting plugin WindowsMoviePlayer
LogPluginManager: Mounting plugin ScreenshotTools
LogInit: Using libcurl 7.55.1-DEV
LogInit:  - built for x86_64-pc-win32
LogInit:  - supports SSL with OpenSSL/1.1.1
LogInit:  - supports HTTP deflate (compression) using libz 1.2.8
LogInit:  - other features:
LogInit:      CURL_VERSION_SSL
LogInit:      CURL_VERSION_LIBZ
LogInit:      CURL_VERSION_IPV6
LogInit:      CURL_VERSION_ASYNCHDNS
LogInit:      CURL_VERSION_LARGEFILE
LogInit:      CURL_VERSION_IDN
LogInit:  CurlRequestOptions (configurable via config and command line):
LogInit:  - bVerifyPeer = true  - Libcurl will verify peer certificate
LogInit:  - bUseHttpProxy = false  - Libcurl will NOT use HTTP proxy
LogInit:  - bDontReuseConnections = false  - Libcurl will reuse connections
LogInit:  - MaxHostConnections = 16  - Libcurl will limit the number of connections to a host
LogInit:  - LocalHostAddr = Default
LogInit:  - BufferSize = 65536
LogOnline: OSS: Creating online subsystem instance for: NULL
LogInit: WinSock: version 1.1 (2.2), MaxSocks=32767, MaxUdp=65467
LogInit: Build: ++UE4+Release-4.23-CL-8386587
LogInit: Engine Version: 4.23.0-8386587+++UE4+Release-4.23
LogInit: Compatible Engine Version: 4.23.0-8386587+++UE4+Release-4.23
LogInit: Net CL: 8386587
LogInit: OS: Windows 10 (Release 1903) (), CPU:         Intel(R) Core(TM) i5-3570 CPU @ 3.40GHz, GPU: NVIDIA GeForce GTX 1050 Ti
LogInit: Compiled (64-bit): Aug 31 2019 02:04:44
LogInit: Compiled with Visual C++: 19.16.27030.01
LogInit: Build Configuration: Development
LogInit: Branch Name: ++UE4+Release-4.23
LogInit: Command Line: 
LogInit: Base Directory: C:/Users/Миша.Johnvk-PC/UE4/UE_4.23/Engine/Binaries/Win64/
LogInit: Installed Engine Build: 1
LogDevObjectVersion: Number of dev versions registered: 23
LogDevObjectVersion:   Dev-Blueprints (B0D832E4-1F89-4F0D-ACCF-7EB736FD4AA2): 10
LogDevObjectVersion:   Dev-Build (E1C64328-A22C-4D53-A36C-8E866417BD8C): 0
LogDevObjectVersion:   Dev-Core (375EC13C-06E4-48FB-B500-84F0262A717E): 3
LogDevObjectVersion:   Dev-Editor (E4B068ED-F494-42E9-A231-DA0B2E46BB41): 34
LogDevObjectVersion:   Dev-Framework (CFFC743F-43B0-4480-9391-14DF171D2073): 35
LogDevObjectVersion:   Dev-Mobile (B02B49B5-BB20-44E9-A304-32B752E40360): 2
LogDevObjectVersion:   Dev-Networking (A4E4105C-59A1-49B5-A7C5-40C4547EDFEE): 0
LogDevObjectVersion:   Dev-Online (39C831C9-5AE6-47DC-9A44-9C173E1C8E7C): 0
LogDevObjectVersion:   Dev-Physics (78F01B33-EBEA-4F98-B9B4-84EACCB95AA2): 0
LogDevObjectVersion:   Dev-Platform (6631380F-2D4D-43E0-8009-CF276956A95A): 0
LogDevObjectVersion:   Dev-Rendering (12F88B9F-8875-4AFC-A67C-D90C383ABD29): 31
LogDevObjectVersion:   Dev-Sequencer (7B5AE74C-D270-4C10-A958-57980B212A5A): 11
LogDevObjectVersion:   Dev-VR (D7296918-1DD6-4BDD-9DE2-64A83CC13884): 2
LogDevObjectVersion:   Dev-LoadTimes (C2A15278-BFE7-4AFE-6C17-90FF531DF755): 1
LogDevObjectVersion:   Private-Geometry (6EACA3D4-40EC-4CC1-B786-8BED09428FC5): 3
LogDevObjectVersion:   Dev-AnimPhys (29E575DD-E0A3-4627-9D10-D276232CDCEA): 17
LogDevObjectVersion:   Dev-Anim (AF43A65D-7FD3-4947-9873-3E8ED9C1BB05): 2
LogDevObjectVersion:   Dev-ReflectionCapture (6B266CEC-1EC7-4B8F-A30B-E4D90942FC07): 1
LogDevObjectVersion:   Dev-Automation (0DF73D61-A23F-47EA-B727-89E90C41499A): 1
LogDevObjectVersion:   FortniteMain (601D1886-AC64-4F84-AA16-D3DE0DEAC7D6): 27
LogDevObjectVersion:   Dev-Enterprise (9DFFBCD6-494F-0158-E221-12823C92A888): 6
LogDevObjectVersion:   Dev-Niagara (F2AED0AC-9AFE-416F-8664-AA7FFA26D6FC): 1
LogDevObjectVersion:   Dev-Destruction (174F1F0B-B4C6-45A5-B13F-2EE8D0FB917D): 9
LogInit: Presizing for max 16777216 objects, including 0 objects not considered by GC, pre-allocating 0 bytes for permanent pool.
LogInit: Object subsystem initialized
LogConfig: Setting CVar [[con.DebugEarlyDefault:1]]
LogConfig: Setting CVar [[r.setres:1280x720]]
[2019.11.23-15.22.48:956][  0]LogConfig: Setting CVar [[r.VSync:0]]
[2019.11.23-15.22.48:956][  0]LogConfig: Setting CVar [[r.RHICmdBypass:0]]
[2019.11.23-15.22.48:956][  0]LogConfig: Applying CVar settings from Section [/Script/Engine.RendererSettings] File [D:/Project/ellipse1/Saved/Config/Windows/Engine.ini]
[2019.11.23-15.22.48:956][  0]LogConfig: Setting CVar [[r.GPUCrashDebugging:0]]
[2019.11.23-15.22.48:956][  0]LogConfig: Setting CVar [[r.DefaultFeature.AutoExposure.ExtendDefaultLuminanceRange:1]]
[2019.11.23-15.22.48:956][  0]LogConfig: Applying CVar settings from Section [/Script/Engine.RendererOverrideSettings] File [D:/Project/ellipse1/Saved/Config/Windows/Engine.ini]
[2019.11.23-15.22.48:956][  0]LogConfig: Applying CVar settings from Section [/Script/Engine.StreamingSettings] File [D:/Project/ellipse1/Saved/Config/Windows/Engine.ini]
[2019.11.23-15.22.48:956][  0]LogConfig: Setting CVar [[s.MinBulkDataSizeForAsyncLoading:131072]]
[2019.11.23-15.22.48:956][  0]LogConfig: Setting CVar [[s.AsyncLoadingThreadEnabled:0]]
[2019.11.23-15.22.48:956][  0]LogConfig: Setting CVar [[s.EventDrivenLoaderEnabled:1]]
[2019.11.23-15.22.48:956][  0]LogConfig: Setting CVar [[s.WarnIfTimeLimitExceeded:0]]
[2019.11.23-15.22.48:956][  0]LogConfig: Setting CVar [[s.TimeLimitExceededMultiplier:1.5]]
[2019.11.23-15.22.48:956][  0]LogConfig: Setting CVar [[s.TimeLimitExceededMinTime:0.005]]
[2019.11.23-15.22.48:956][  0]LogConfig: Setting CVar [[s.UseBackgroundLevelStreaming:1]]
[2019.11.23-15.22.48:956][  0]LogConfig: Setting CVar [[s.PriorityAsyncLoadingExtraTime:15.0]]
[2019.11.23-15.22.48:956][  0]LogConfig: Setting CVar [[s.LevelStreamingActorsUpdateTimeLimit:5.0]]
[2019.11.23-15.22.48:956][  0]LogConfig: Setting CVar [[s.PriorityLevelStreamingActorsUpdateExtraTime:5.0]]
[2019.11.23-15.22.48:956][  0]LogConfig: Setting CVar [[s.LevelStreamingComponentsRegistrationGranularity:10]]
[2019.11.23-15.22.48:956][  0]LogConfig: Setting CVar [[s.UnregisterComponentsTimeLimit:1.0]]
[2019.11.23-15.22.48:956][  0]LogConfig: Setting CVar [[s.LevelStreamingComponentsUnregistrationGranularity:5]]
[2019.11.23-15.22.48:956][  0]LogConfig: Applying CVar settings from Section [/Script/Engine.GarbageCollectionSettings] File [D:/Project/ellipse1/Saved/Config/Windows/Engine.ini]
[2019.11.23-15.22.48:956][  0]LogConfig: Setting CVar [[gc.MaxObjectsNotConsideredByGC:1]]
[2019.11.23-15.22.48:956][  0]LogConfig: Setting CVar [[gc.SizeOfPermanentObjectPool:0]]
[2019.11.23-15.22.48:956][  0]LogConfig: Setting CVar [[gc.FlushStreamingOnGC:0]]
[2019.11.23-15.22.48:956][  0]LogConfig: Setting CVar [[gc.NumRetriesBeforeForcingGC:10]]
[2019.11.23-15.22.48:956][  0]LogConfig: Setting CVar [[gc.AllowParallelGC:1]]
[2019.11.23-15.22.48:956][  0]LogConfig: Setting CVar [[gc.TimeBetweenPurgingPendingKillObjects:61.1]]
[2019.11.23-15.22.48:956][  0]LogConfig: Setting CVar [[gc.MaxObjectsInEditor:16777216]]
[2019.11.23-15.22.48:956][  0]LogConfig: Setting CVar [[gc.IncrementalBeginDestroyEnabled:1]]
[2019.11.23-15.22.48:956][  0]LogConfig: Setting CVar [[gc.CreateGCClusters:1]]
[2019.11.23-15.22.48:956][  0]LogConfig: Setting CVar [[gc.MinGCClusterSize:5]]
[2019.11.23-15.22.48:956][  0]LogConfig: Setting CVar [[gc.ActorClusteringEnabled:0]]
[2019.11.23-15.22.48:956][  0]LogConfig: Setting CVar [[gc.BlueprintClusteringEnabled:0]]
[2019.11.23-15.22.48:956][  0]LogConfig: Setting CVar [[gc.UseDisregardForGCOnDedicatedServers:0]]
[2019.11.23-15.22.48:956][  0]LogConfig: Applying CVar settings from Section [/Script/Engine.NetworkSettings] File [D:/Project/ellipse1/Saved/Config/Windows/Engine.ini]
[2019.11.23-15.22.48:956][  0]LogConfig: Applying CVar settings from Section [/Script/UnrealEd.CookerSettings] File [D:/Project/ellipse1/Saved/Config/Windows/Engine.ini]
[2019.11.23-15.22.48:958][  0]LogConfig: Applying CVar settings from Section [ViewDistanceQuality@3] File [D:/Project/ellipse1/Saved/Config/Windows/Scalability.ini]
[2019.11.23-15.22.48:958][  0]LogConfig: Setting CVar [[r.SkeletalMeshLODBias:0]]
[2019.11.23-15.22.48:958][  0]LogConfig: Setting CVar [[r.ViewDistanceScale:1.0]]
[2019.11.23-15.22.48:958][  0]LogConfig: Applying CVar settings from Section [AntiAliasingQuality@3] File [D:/Project/ellipse1/Saved/Config/Windows/Scalability.ini]
[2019.11.23-15.22.48:958][  0]LogConfig: Setting CVar [[r.PostProcessAAQuality:4]]
[2019.11.23-15.22.48:958][  0]LogConfig: Applying CVar settings from Section [ShadowQuality@3] File [D:/Project/ellipse1/Saved/Config/Windows/Scalability.ini]
[2019.11.23-15.22.48:958][  0]LogConfig: Setting CVar [[r.LightFunctionQuality:1]]
[2019.11.23-15.22.48:958][  0]LogConfig: Setting CVar [[r.ShadowQuality:5]]
[2019.11.23-15.22.48:958][  0]LogConfig: Setting CVar [[r.Shadow.CSM.MaxCascades:10]]
[2019.11.23-15.22.48:958][  0]LogConfig: Setting CVar [[r.Shadow.MaxResolution:2048]]
[2019.11.23-15.22.48:958][  0]LogConfig: Setting CVar [[r.Shadow.MaxCSMResolution:2048]]
[2019.11.23-15.22.48:958][  0]LogConfig: Setting CVar [[r.Shadow.RadiusThreshold:0.01]]
[2019.11.23-15.22.48:959][  0]LogConfig: Setting CVar [[r.Shadow.DistanceScale:1.0]]
[2019.11.23-15.22.48:959][  0]LogConfig: Setting CVar [[r.Shadow.CSM.TransitionScale:1.0]]
[2019.11.23-15.22.48:959][  0]LogConfig: Setting CVar [[r.Shadow.PreShadowResolutionFactor:1.0]]
[2019.11.23-15.22.48:959][  0]LogConfig: Setting CVar [[r.DistanceFieldShadowing:1]]
[2019.11.23-15.22.48:959][  0]LogConfig: Setting CVar [[r.DistanceFieldAO:1]]
[2019.11.23-15.22.48:959][  0]LogConfig: Setting CVar [[r.AOQuality:2]]
[2019.11.23-15.22.48:959][  0]LogConfig: Setting CVar [[r.VolumetricFog:1]]
[2019.11.23-15.22.48:959][  0]LogConfig: Setting CVar [[r.VolumetricFog.GridPixelSize:8]]
[2019.11.23-15.22.48:959][  0]LogConfig: Setting CVar [[r.VolumetricFog.GridSizeZ:128]]
[2019.11.23-15.22.48:959][  0]LogConfig: Setting CVar [[r.VolumetricFog.HistoryMissSupersampleCount:4]]
[2019.11.23-15.22.48:959][  0]LogConfig: Setting CVar [[r.LightMaxDrawDistanceScale:1]]
[2019.11.23-15.22.48:959][  0]LogConfig: Setting CVar [[r.CapsuleShadows:1]]
[2019.11.23-15.22.48:959][  0]LogConfig: Applying CVar settings from Section [PostProcessQuality@3] File [D:/Project/ellipse1/Saved/Config/Windows/Scalability.ini]
[2019.11.23-15.22.48:959][  0]LogConfig: Setting CVar [[r.MotionBlurQuality:4]]
[2019.11.23-15.22.48:959][  0]LogConfig: Setting CVar [[r.AmbientOcclusionMipLevelFactor:0.4]]
[2019.11.23-15.22.48:959][  0]LogConfig: Setting CVar [[r.AmbientOcclusionMaxQuality:100]]
[2019.11.23-15.22.48:959][  0]LogConfig: Setting CVar [[r.AmbientOcclusionLevels:-1]]
[2019.11.23-15.22.48:959][  0]LogConfig: Setting CVar [[r.AmbientOcclusionRadiusScale:1.0]]
[2019.11.23-15.22.48:959][  0]LogConfig: Setting CVar [[r.DepthOfFieldQuality:2]]
[2019.11.23-15.22.48:959][  0]LogConfig: Setting CVar [[r.RenderTargetPoolMin:400]]
[2019.11.23-15.22.48:959][  0]LogConfig: Setting CVar [[r.LensFlareQuality:2]]
[2019.11.23-15.22.48:959][  0]LogConfig: Setting CVar [[r.SceneColorFringeQuality:1]]
[2019.11.23-15.22.48:959][  0]LogConfig: Setting CVar [[r.EyeAdaptationQuality:2]]
[2019.11.23-15.22.48:959][  0]LogConfig: Setting CVar [[r.BloomQuality:5]]
[2019.11.23-15.22.48:959][  0]LogConfig: Setting CVar [[r.FastBlurThreshold:100]]
[2019.11.23-15.22.48:959][  0]LogConfig: Setting CVar [[r.Upscale.Quality:3]]
[2019.11.23-15.22.48:959][  0]LogConfig: Setting CVar [[r.Tonemapper.GrainQuantization:1]]
[2019.11.23-15.22.48:959][  0]LogConfig: Setting CVar [[r.LightShaftQuality:1]]
[2019.11.23-15.22.48:959][  0]LogConfig: Setting CVar [[r.Filter.SizeScale:1]]
[2019.11.23-15.22.48:959][  0]LogConfig: Setting CVar [[r.Tonemapper.Quality:5]]
[2019.11.23-15.22.48:959][  0]LogConfig: Setting CVar [[r.DOF.Gather.AccumulatorQuality:1        ; higher gathering accumulator quality]]
[2019.11.23-15.22.48:959][  0]LogConfig: Setting CVar [[r.DOF.Gather.PostfilterMethod:1          ; Median3x3 postfilering method]]
[2019.11.23-15.22.48:959][  0]LogConfig: Setting CVar [[r.DOF.Gather.EnableBokehSettings:0       ; no bokeh simulation when gathering]]
[2019.11.23-15.22.48:959][  0]LogConfig: Setting CVar [[r.DOF.Gather.RingCount:4                 ; medium number of samples when gathering]]
[2019.11.23-15.22.48:959][  0]LogConfig: Setting CVar [[r.DOF.Scatter.ForegroundCompositing:1    ; additive foreground scattering]]
[2019.11.23-15.22.48:959][  0]LogConfig: Setting CVar [[r.DOF.Scatter.BackgroundCompositing:2    ; additive background scattering]]
[2019.11.23-15.22.48:959][  0]LogConfig: Setting CVar [[r.DOF.Scatter.EnableBokehSettings:1      ; bokeh simulation when scattering]]
[2019.11.23-15.22.48:959][  0]LogConfig: Setting CVar [[r.DOF.Scatter.MaxSpriteRatio:0.1         ; only a maximum of 10% of scattered bokeh]]
[2019.11.23-15.22.48:959][  0]LogConfig: Setting CVar [[r.DOF.Recombine.Quality:1                ; cheap slight out of focus]]
[2019.11.23-15.22.48:959][  0]LogConfig: Setting CVar [[r.DOF.Recombine.EnableBokehSettings:0    ; no bokeh simulation on slight out of focus]]
[2019.11.23-15.22.48:959][  0]LogConfig: Setting CVar [[r.DOF.TemporalAAQuality:1                ; more stable temporal accumulation]]
[2019.11.23-15.22.48:959][  0]LogConfig: Setting CVar [[r.DOF.Kernel.MaxForegroundRadius:0.025]]
[2019.11.23-15.22.48:959][  0]LogConfig: Setting CVar [[r.DOF.Kernel.MaxBackgroundRadius:0.025]]
[2019.11.23-15.22.48:959][  0]LogConfig: Applying CVar settings from Section [TextureQuality@3] File [D:/Project/ellipse1/Saved/Config/Windows/Scalability.ini]
[2019.11.23-15.22.48:959][  0]LogConfig: Setting CVar [[r.Streaming.MipBias:0]]
[2019.11.23-15.22.48:959][  0]LogConfig: Setting CVar [[r.Streaming.AmortizeCPUToGPUCopy:0]]
[2019.11.23-15.22.48:959][  0]LogConfig: Setting CVar [[r.Streaming.MaxNumTexturesToStreamPerFrame:0]]
[2019.11.23-15.22.48:959][  0]LogConfig: Setting CVar [[r.Streaming.Boost:1]]
[2019.11.23-15.22.48:959][  0]LogConfig: Setting CVar [[r.MaxAnisotropy:8]]
[2019.11.23-15.22.48:959][  0]LogConfig: Setting CVar [[r.Streaming.LimitPoolSizeToVRAM:0]]
[2019.11.23-15.22.48:959][  0]LogConfig: Setting CVar [[r.Streaming.PoolSize:1000]]
[2019.11.23-15.22.48:959][  0]LogConfig: Setting CVar [[r.Streaming.MaxEffectiveScreenSize:0]]
[2019.11.23-15.22.48:959][  0]LogConfig: Applying CVar settings from Section [EffectsQuality@3] File [D:/Project/ellipse1/Saved/Config/Windows/Scalability.ini]
[2019.11.23-15.22.48:959][  0]LogConfig: Setting CVar [[r.TranslucencyLightingVolumeDim:64]]
[2019.11.23-15.22.48:959][  0]LogConfig: Setting CVar [[r.RefractionQuality:2]]
[2019.11.23-15.22.48:959][  0]LogConfig: Setting CVar [[r.SSR.Quality:3]]
[2019.11.23-15.22.48:959][  0]LogConfig: Setting CVar [[r.SceneColorFormat:4]]
[2019.11.23-15.22.48:959][  0]LogConfig: Setting CVar [[r.DetailMode:2]]
[2019.11.23-15.22.48:959][  0]LogConfig: Setting CVar [[r.TranslucencyVolumeBlur:1]]
[2019.11.23-15.22.48:959][  0]LogConfig: Setting CVar [[r.MaterialQualityLevel:1 ; High quality]]
[2019.11.23-15.22.48:959][  0]LogConfig: Setting CVar [[r.SSS.Scale:1]]
[2019.11.23-15.22.48:959][  0]LogConfig: Setting CVar [[r.SSS.SampleSet:2]]
[2019.11.23-15.22.48:959][  0]LogConfig: Setting CVar [[r.SSS.Quality:1]]
[2019.11.23-15.22.48:959][  0]LogConfig: Setting CVar [[r.SSS.HalfRes:1]]
[2019.11.23-15.22.48:960][  0]LogConfig: Setting CVar [[r.EmitterSpawnRateScale:1.0]]
[2019.11.23-15.22.48:960][  0]LogConfig: Setting CVar [[r.ParticleLightQuality:2]]
[2019.11.23-15.22.48:960][  0]LogConfig: Applying CVar settings from Section [FoliageQuality@3] File [D:/Project/ellipse1/Saved/Config/Windows/Scalability.ini]
[2019.11.23-15.22.48:960][  0]LogConfig: Setting CVar [[foliage.DensityScale:1.0]]
[2019.11.23-15.22.48:960][  0]LogConfig: Setting CVar [[grass.DensityScale:1.0]]
[2019.11.23-15.22.48:960][  0]LogInit: Selected Device Profile: [Windows]
[2019.11.23-15.22.48:960][  0]LogInit: Applying CVar settings loaded from the selected device profile: [Windows]
[2019.11.23-15.22.48:962][  0]LogHAL: Display: Platform has ~ 16 GB [17123233792 / 17179869184 / 16], which maps to Larger [LargestMinGB=32, LargerMinGB=12, DefaultMinGB=8, SmallerMinGB=6, SmallestMinGB=0)
[2019.11.23-15.22.48:962][  0]LogInit: Going up to parent DeviceProfile []
[2019.11.23-15.22.48:962][  0]LogConfig: Applying CVar settings from Section [ViewDistanceQuality@3] File [D:/Project/ellipse1/Saved/Config/Windows/Scalability.ini]
[2019.11.23-15.22.48:962][  0]LogConfig: Setting CVar [[r.SkeletalMeshLODBias:0]]
[2019.11.23-15.22.48:962][  0]LogConfig: Setting CVar [[r.ViewDistanceScale:1.0]]
[2019.11.23-15.22.48:962][  0]LogConfig: Applying CVar settings from Section [AntiAliasingQuality@3] File [D:/Project/ellipse1/Saved/Config/Windows/Scalability.ini]
[2019.11.23-15.22.48:962][  0]LogConfig: Setting CVar [[r.PostProcessAAQuality:4]]
[2019.11.23-15.22.48:962][  0]LogConfig: Applying CVar settings from Section [ShadowQuality@3] File [D:/Project/ellipse1/Saved/Config/Windows/Scalability.ini]
[2019.11.23-15.22.48:962][  0]LogConfig: Setting CVar [[r.LightFunctionQuality:1]]
[2019.11.23-15.22.48:962][  0]LogConfig: Setting CVar [[r.ShadowQuality:5]]
[2019.11.23-15.22.48:962][  0]LogConfig: Setting CVar [[r.Shadow.CSM.MaxCascades:10]]
[2019.11.23-15.22.48:962][  0]LogConfig: Setting CVar [[r.Shadow.MaxResolution:2048]]
[2019.11.23-15.22.48:962][  0]LogConfig: Setting CVar [[r.Shadow.MaxCSMResolution:2048]]
[2019.11.23-15.22.48:962][  0]LogConfig: Setting CVar [[r.Shadow.RadiusThreshold:0.01]]
[2019.11.23-15.22.48:962][  0]LogConfig: Setting CVar [[r.Shadow.DistanceScale:1.0]]
[2019.11.23-15.22.48:962][  0]LogConfig: Setting CVar [[r.Shadow.CSM.TransitionScale:1.0]]
[2019.11.23-15.22.48:962][  0]LogConfig: Setting CVar [[r.Shadow.PreShadowResolutionFactor:1.0]]
[2019.11.23-15.22.48:962][  0]LogConfig: Setting CVar [[r.DistanceFieldShadowing:1]]
[2019.11.23-15.22.48:962][  0]LogConfig: Setting CVar [[r.DistanceFieldAO:1]]
[2019.11.23-15.22.48:962][  0]LogConfig: Setting CVar [[r.AOQuality:2]]
[2019.11.23-15.22.48:962][  0]LogConfig: Setting CVar [[r.VolumetricFog:1]]
[2019.11.23-15.22.48:962][  0]LogConfig: Setting CVar [[r.VolumetricFog.GridPixelSize:8]]
[2019.11.23-15.22.48:962][  0]LogConfig: Setting CVar [[r.VolumetricFog.GridSizeZ:128]]
[2019.11.23-15.22.48:962][  0]LogConfig: Setting CVar [[r.VolumetricFog.HistoryMissSupersampleCount:4]]
[2019.11.23-15.22.48:962][  0]LogConfig: Setting CVar [[r.LightMaxDrawDistanceScale:1]]
[2019.11.23-15.22.48:962][  0]LogConfig: Setting CVar [[r.CapsuleShadows:1]]
[2019.11.23-15.22.48:962][  0]LogConfig: Applying CVar settings from Section [PostProcessQuality@3] File [D:/Project/ellipse1/Saved/Config/Windows/Scalability.ini]
[2019.11.23-15.22.48:962][  0]LogConfig: Setting CVar [[r.MotionBlurQuality:4]]
[2019.11.23-15.22.48:962][  0]LogConfig: Setting CVar [[r.AmbientOcclusionMipLevelFactor:0.4]]
[2019.11.23-15.22.48:962][  0]LogConfig: Setting CVar [[r.AmbientOcclusionMaxQuality:100]]
[2019.11.23-15.22.48:962][  0]LogConfig: Setting CVar [[r.AmbientOcclusionLevels:-1]]
[2019.11.23-15.22.48:962][  0]LogConfig: Setting CVar [[r.AmbientOcclusionRadiusScale:1.0]]
[2019.11.23-15.22.48:962][  0]LogConfig: Setting CVar [[r.DepthOfFieldQuality:2]]
[2019.11.23-15.22.48:963][  0]LogConfig: Setting CVar [[r.RenderTargetPoolMin:400]]
[2019.11.23-15.22.48:963][  0]LogConfig: Setting CVar [[r.LensFlareQuality:2]]
[2019.11.23-15.22.48:963][  0]LogConfig: Setting CVar [[r.SceneColorFringeQuality:1]]
[2019.11.23-15.22.48:963][  0]LogConfig: Setting CVar [[r.EyeAdaptationQuality:2]]
[2019.11.23-15.22.48:963][  0]LogConfig: Setting CVar [[r.BloomQuality:5]]
[2019.11.23-15.22.48:963][  0]LogConfig: Setting CVar [[r.FastBlurThreshold:100]]
[2019.11.23-15.22.48:963][  0]LogConfig: Setting CVar [[r.Upscale.Quality:3]]
[2019.11.23-15.22.48:963][  0]LogConfig: Setting CVar [[r.Tonemapper.GrainQuantization:1]]
[2019.11.23-15.22.48:963][  0]LogConfig: Setting CVar [[r.LightShaftQuality:1]]
[2019.11.23-15.22.48:963][  0]LogConfig: Setting CVar [[r.Filter.SizeScale:1]]
[2019.11.23-15.22.48:963][  0]LogConfig: Setting CVar [[r.Tonemapper.Quality:5]]
[2019.11.23-15.22.48:963][  0]LogConfig: Setting CVar [[r.DOF.Gather.AccumulatorQuality:1        ; higher gathering accumulator quality]]
[2019.11.23-15.22.48:963][  0]LogConfig: Setting CVar [[r.DOF.Gather.PostfilterMethod:1          ; Median3x3 postfilering method]]
[2019.11.23-15.22.48:963][  0]LogConfig: Setting CVar [[r.DOF.Gather.EnableBokehSettings:0       ; no bokeh simulation when gathering]]
[2019.11.23-15.22.48:963][  0]LogConfig: Setting CVar [[r.DOF.Gather.RingCount:4                 ; medium number of samples when gathering]]
[2019.11.23-15.22.48:963][  0]LogConfig: Setting CVar [[r.DOF.Scatter.ForegroundCompositing:1    ; additive foreground scattering]]
[2019.11.23-15.22.48:963][  0]LogConfig: Setting CVar [[r.DOF.Scatter.BackgroundCompositing:2    ; additive background scattering]]
[2019.11.23-15.22.48:963][  0]LogConfig: Setting CVar [[r.DOF.Scatter.EnableBokehSettings:1      ; bokeh simulation when scattering]]
[2019.11.23-15.22.48:963][  0]LogConfig: Setting CVar [[r.DOF.Scatter.MaxSpriteRatio:0.1         ; only a maximum of 10% of scattered bokeh]]
[2019.11.23-15.22.48:963][  0]LogConfig: Setting CVar [[r.DOF.Recombine.Quality:1                ; cheap slight out of focus]]
[2019.11.23-15.22.48:963][  0]LogConfig: Setting CVar [[r.DOF.Recombine.EnableBokehSettings:0    ; no bokeh simulation on slight out of focus]]
[2019.11.23-15.22.48:963][  0]LogConfig: Setting CVar [[r.DOF.TemporalAAQuality:1                ; more stable temporal accumulation]]
[2019.11.23-15.22.48:963][  0]LogConfig: Setting CVar [[r.DOF.Kernel.MaxForegroundRadius:0.025]]
[2019.11.23-15.22.48:963][  0]LogConfig: Setting CVar [[r.DOF.Kernel.MaxBackgroundRadius:0.025]]
[2019.11.23-15.22.48:963][  0]LogConfig: Applying CVar settings from Section [TextureQuality@3] File [D:/Project/ellipse1/Saved/Config/Windows/Scalability.ini]
[2019.11.23-15.22.48:963][  0]LogConfig: Setting CVar [[r.Streaming.MipBias:0]]
[2019.11.23-15.22.48:963][  0]LogConfig: Setting CVar [[r.Streaming.AmortizeCPUToGPUCopy:0]]
[2019.11.23-15.22.48:963][  0]LogConfig: Setting CVar [[r.Streaming.MaxNumTexturesToStreamPerFrame:0]]
[2019.11.23-15.22.48:963][  0]LogConfig: Setting CVar [[r.Streaming.Boost:1]]
[2019.11.23-15.22.48:963][  0]LogConfig: Setting CVar [[r.MaxAnisotropy:8]]
[2019.11.23-15.22.48:963][  0]LogConfig: Setting CVar [[r.Streaming.LimitPoolSizeToVRAM:0]]
[2019.11.23-15.22.48:963][  0]LogConfig: Setting CVar [[r.Streaming.PoolSize:1000]]
[2019.11.23-15.22.48:963][  0]LogConfig: Setting CVar [[r.Streaming.MaxEffectiveScreenSize:0]]
[2019.11.23-15.22.48:963][  0]LogConfig: Applying CVar settings from Section [EffectsQuality@3] File [D:/Project/ellipse1/Saved/Config/Windows/Scalability.ini]
[2019.11.23-15.22.48:963][  0]LogConfig: Setting CVar [[r.TranslucencyLightingVolumeDim:64]]
[2019.11.23-15.22.48:963][  0]LogConfig: Setting CVar [[r.RefractionQuality:2]]
[2019.11.23-15.22.48:963][  0]LogConfig: Setting CVar [[r.SSR.Quality:3]]
[2019.11.23-15.22.48:963][  0]LogConfig: Setting CVar [[r.SceneColorFormat:4]]
[2019.11.23-15.22.48:963][  0]LogConfig: Setting CVar [[r.DetailMode:2]]
[2019.11.23-15.22.48:963][  0]LogConfig: Setting CVar [[r.TranslucencyVolumeBlur:1]]
[2019.11.23-15.22.48:963][  0]LogConfig: Setting CVar [[r.MaterialQualityLevel:1 ; High quality]]
[2019.11.23-15.22.48:963][  0]LogConfig: Setting CVar [[r.SSS.Scale:1]]
[2019.11.23-15.22.48:963][  0]LogConfig: Setting CVar [[r.SSS.SampleSet:2]]
[2019.11.23-15.22.48:963][  0]LogConfig: Setting CVar [[r.SSS.Quality:1]]
[2019.11.23-15.22.48:963][  0]LogConfig: Setting CVar [[r.SSS.HalfRes:1]]
[2019.11.23-15.22.48:963][  0]LogConfig: Setting CVar [[r.EmitterSpawnRateScale:1.0]]
[2019.11.23-15.22.48:963][  0]LogConfig: Setting CVar [[r.ParticleLightQuality:2]]
[2019.11.23-15.22.48:963][  0]LogConfig: Applying CVar settings from Section [FoliageQuality@3] File [D:/Project/ellipse1/Saved/Config/Windows/Scalability.ini]
[2019.11.23-15.22.48:963][  0]LogConfig: Setting CVar [[foliage.DensityScale:1.0]]
[2019.11.23-15.22.48:963][  0]LogConfig: Setting CVar [[grass.DensityScale:1.0]]
[2019.11.23-15.22.48:963][  0]LogConfig: Applying CVar settings from Section [Startup] File [../../../Engine/Config/ConsoleVariables.ini]
[2019.11.23-15.22.48:963][  0]LogConfig: Setting CVar [[net.UseAdaptiveNetUpdateFrequency:0]]
[2019.11.23-15.22.48:963][  0]LogConfig: Setting CVar [[p.chaos.AllowCreatePhysxBodies:1]]
[2019.11.23-15.22.48:964][  0]LogConfig: Setting CVar [[fx.SkipVectorVMBackendOptimizations:1]]
[2019.11.23-15.22.48:964][  0]LogConfig: Applying CVar settings from Section [ConsoleVariables] File [D:/Project/ellipse1/Saved/Config/Windows/Engine.ini]
[2019.11.23-15.22.48:964][  0]LogInit: Computer: JOHNVK-PC
[2019.11.23-15.22.48:964][  0]LogInit: User: Миша
[2019.11.23-15.22.48:964][  0]LogInit: CPU Page size=4096, Cores=4
[2019.11.23-15.22.48:964][  0]LogInit: High frequency timer resolution =10.000000 MHz
[2019.11.23-15.22.48:964][  0]LogMemory: Memory total: Physical=15.9GB (16GB approx)
[2019.11.23-15.22.48:964][  0]LogMemory: Platform Memory Stats for Windows
[2019.11.23-15.22.48:964][  0]LogMemory: Process Physical Memory: 101.08 MB used, 101.08 MB peak
[2019.11.23-15.22.48:964][  0]LogMemory: Process Virtual Memory: 88.02 MB used, 88.02 MB peak
[2019.11.23-15.22.48:964][  0]LogMemory: Physical Memory: 6155.56 MB used,  10174.43 MB free, 16329.99 MB total
[2019.11.23-15.22.48:964][  0]LogMemory: Virtual Memory: 4644.29 MB used,  134213080.00 MB free, 134217728.00 MB total
[2019.11.23-15.22.48:966][  0]LogWindows: WindowsPlatformFeatures enabled
[2019.11.23-15.22.48:987][  0]LogInit: Overriding language with editor language configuration option (en).
[2019.11.23-15.22.48:987][  0]LogInit: Overriding locale with editor culture configuration option ().
[2019.11.23-15.22.48:987][  0]LogInit: Using OS detected locale (ru-RU).
[2019.11.23-15.22.49:185][  0]LogInit: Setting process to per monitor DPI aware
[2019.11.23-15.22.49:213][  0]LogSlate: New Slate User Created.  User Index 0, Is Virtual User: 0
[2019.11.23-15.22.49:213][  0]LogSlate: Slate User Registered.  User Index 0, Is Virtual User: 0
[2019.11.23-15.22.49:356][  0]LogHMD: Failed to initialize OpenVR with code 110
[2019.11.23-15.22.49:356][  0]LogD3D11RHI: D3D11 adapters:
[2019.11.23-15.22.49:431][  0]LogD3D11RHI:    0. 'NVIDIA GeForce GTX 1050 Ti' (Feature Level 11_0)
[2019.11.23-15.22.49:431][  0]LogD3D11RHI:       4018/0/8164 MB DedicatedVideo/DedicatedSystem/SharedSystem, Outputs:1, VendorId:0x10de
[2019.11.23-15.22.49:433][  0]LogD3D11RHI:    1. 'Microsoft Basic Render Driver' (Feature Level 11_0)
[2019.11.23-15.22.49:433][  0]LogD3D11RHI:       0/0/8164 MB DedicatedVideo/DedicatedSystem/SharedSystem, Outputs:0, VendorId:0x1414
[2019.11.23-15.22.49:433][  0]LogD3D11RHI: Chosen D3D11 Adapter: 0
[2019.11.23-15.22.49:439][  0]LogD3D11RHI: Creating new Direct3DDevice
[2019.11.23-15.22.49:439][  0]LogD3D11RHI:     GPU DeviceId: 0x1c82 (for the marketing name, search the web for "GPU Device Id")
[2019.11.23-15.22.49:439][  0]LogWindows: EnumDisplayDevices:
[2019.11.23-15.22.49:439][  0]LogWindows:    0. 'NVIDIA GeForce GTX 1050 Ti' (P:1 D:1)
[2019.11.23-15.22.49:440][  0]LogWindows:    1. 'NVIDIA GeForce GTX 1050 Ti' (P:0 D:0)
[2019.11.23-15.22.49:440][  0]LogWindows:    2. 'NVIDIA GeForce GTX 1050 Ti' (P:0 D:0)
[2019.11.23-15.22.49:440][  0]LogWindows:    3. 'NVIDIA GeForce GTX 1050 Ti' (P:0 D:0)
[2019.11.23-15.22.49:440][  0]LogWindows: DebugString: FoundDriverCount:4 
[2019.11.23-15.22.49:440][  0]LogD3D11RHI:     Adapter Name: NVIDIA GeForce GTX 1050 Ti
[2019.11.23-15.22.49:440][  0]LogD3D11RHI:   Driver Version: 441.12 (internal:26.21.14.4112, unified:441.12)
[2019.11.23-15.22.49:440][  0]LogD3D11RHI:      Driver Date: 10-24-2019
[2019.11.23-15.22.49:440][  0]LogRHI: Texture pool is 2812 MB (70% of 4018 MB)
[2019.11.23-15.22.49:490][  0]LogD3D11RHI: Async texture creation enabled
[2019.11.23-15.22.49:508][  0]LogD3D11RHI: GPU Timing Frequency: 1000.000000 (Debug: 2 1)
[2019.11.23-15.22.49:799][  0]LogTemp: Display: Module 'AllDesktopTargetPlatform' loaded TargetPlatform 'AllDesktop'
[2019.11.23-15.22.49:808][  0]LogTemp: Display: Module 'MacClientTargetPlatform' loaded TargetPlatform 'MacClient'
[2019.11.23-15.22.49:817][  0]LogTemp: Display: Module 'MacNoEditorTargetPlatform' loaded TargetPlatform 'MacNoEditor'
[2019.11.23-15.22.49:827][  0]LogTemp: Display: Module 'MacServerTargetPlatform' loaded TargetPlatform 'MacServer'
[2019.11.23-15.22.49:837][  0]LogTemp: Display: Module 'MacTargetPlatform' loaded TargetPlatform 'Mac'
[2019.11.23-15.22.49:846][  0]LogTemp: Display: Module 'WindowsClientTargetPlatform' loaded TargetPlatform 'WindowsClient'
[2019.11.23-15.22.49:856][  0]LogTemp: Display: Module 'WindowsNoEditorTargetPlatform' loaded TargetPlatform 'WindowsNoEditor'
[2019.11.23-15.22.49:866][  0]LogTemp: Display: Module 'WindowsServerTargetPlatform' loaded TargetPlatform 'WindowsServer'
[2019.11.23-15.22.49:870][  0]LogTemp: Display: Module 'WindowsTargetPlatform' loaded TargetPlatform 'Windows'
[2019.11.23-15.22.49:905][  0]LogTemp: Display: Module 'AndroidTargetPlatform' loaded TargetPlatform 'Android'
[2019.11.23-15.22.49:905][  0]LogTemp: Display: Module 'AndroidTargetPlatform' loaded TargetPlatform 'Android_ASTC'
[2019.11.23-15.22.49:905][  0]LogTemp: Display: Module 'AndroidTargetPlatform' loaded TargetPlatform 'Android_ATC'
[2019.11.23-15.22.49:905][  0]LogTemp: Display: Module 'AndroidTargetPlatform' loaded TargetPlatform 'Android_DXT'
[2019.11.23-15.22.49:905][  0]LogTemp: Display: Module 'AndroidTargetPlatform' loaded TargetPlatform 'Android_ETC1'
[2019.11.23-15.22.49:905][  0]LogTemp: Display: Module 'AndroidTargetPlatform' loaded TargetPlatform 'Android_ETC1a'
[2019.11.23-15.22.49:905][  0]LogTemp: Display: Module 'AndroidTargetPlatform' loaded TargetPlatform 'Android_ETC2'
[2019.11.23-15.22.49:905][  0]LogTemp: Display: Module 'AndroidTargetPlatform' loaded TargetPlatform 'Android_PVRTC'
[2019.11.23-15.22.49:905][  0]LogTemp: Display: Module 'AndroidTargetPlatform' loaded TargetPlatform 'AndroidClient'
[2019.11.23-15.22.49:905][  0]LogTemp: Display: Module 'AndroidTargetPlatform' loaded TargetPlatform 'Android_ASTCClient'
[2019.11.23-15.22.49:905][  0]LogTemp: Display: Module 'AndroidTargetPlatform' loaded TargetPlatform 'Android_ATCClient'
[2019.11.23-15.22.49:905][  0]LogTemp: Display: Module 'AndroidTargetPlatform' loaded TargetPlatform 'Android_DXTClient'
[2019.11.23-15.22.49:905][  0]LogTemp: Display: Module 'AndroidTargetPlatform' loaded TargetPlatform 'Android_ETC1Client'
[2019.11.23-15.22.49:905][  0]LogTemp: Display: Module 'AndroidTargetPlatform' loaded TargetPlatform 'Android_ETC1aClient'
[2019.11.23-15.22.49:905][  0]LogTemp: Display: Module 'AndroidTargetPlatform' loaded TargetPlatform 'Android_ETC2Client'
[2019.11.23-15.22.49:905][  0]LogTemp: Display: Module 'AndroidTargetPlatform' loaded TargetPlatform 'Android_PVRTCClient'
[2019.11.23-15.22.49:905][  0]LogTemp: Display: Module 'AndroidTargetPlatform' loaded TargetPlatform 'Android_Multi'
[2019.11.23-15.22.49:905][  0]LogTemp: Display: Module 'AndroidTargetPlatform' loaded TargetPlatform 'Android_MultiClient'
[2019.11.23-15.22.49:906][  0]LogTemp: Display: Module 'HTML5TargetPlatform' loaded TargetPlatform 'HTML5'
[2019.11.23-15.22.49:924][  0]LogTemp: Display: Module 'IOSTargetPlatform' loaded TargetPlatform 'IOSClient'
[2019.11.23-15.22.49:924][  0]LogTemp: Display: Module 'IOSTargetPlatform' loaded TargetPlatform 'IOS'
[2019.11.23-15.22.49:938][  0]LogTemp: Display: Module 'TVOSTargetPlatform' loaded TargetPlatform 'TVOSClient'
[2019.11.23-15.22.49:938][  0]LogTemp: Display: Module 'TVOSTargetPlatform' loaded TargetPlatform 'TVOS'
[2019.11.23-15.22.49:946][  0]LogTemp: Display: Module 'LinuxClientTargetPlatform' loaded TargetPlatform 'LinuxClient'
[2019.11.23-15.22.49:953][  0]LogTemp: Display: Module 'LinuxNoEditorTargetPlatform' loaded TargetPlatform 'LinuxNoEditor'
[2019.11.23-15.22.49:960][  0]LogTemp: Display: Module 'LinuxServerTargetPlatform' loaded TargetPlatform 'LinuxServer'
[2019.11.23-15.22.49:968][  0]LogTemp: Display: Module 'LinuxTargetPlatform' loaded TargetPlatform 'Linux'
[2019.11.23-15.22.49:993][  0]LogTemp: Display: Module 'LuminTargetPlatform' loaded TargetPlatform 'Lumin'
[2019.11.23-15.22.49:993][  0]LogTemp: Display: Module 'LuminTargetPlatform' loaded TargetPlatform 'LuminClient'
[2019.11.23-15.22.49:993][  0]LogTargetPlatformManager: Display: Building Assets For Windows
[2019.11.23-15.22.50:002][  0]LogAudioDebug: Display: Lib vorbis DLL was dynamically loaded.
[2019.11.23-15.22.50:056][  0]LogShaderCompilers: Guid format shader working directory is 36 characters bigger than the processId version (D:/Project/ellipse1/Intermediate/Shaders/WorkingDirectory/9948/).
[2019.11.23-15.22.50:057][  0]LogShaderCompilers: Cleaned the shader compiler working directory 'C:/Users/Миша.Johnvk-PC/AppData/Local/Temp/UnrealShaderWorkingDir/A33433324D9F7B68103933B11E20049C/'.
[2019.11.23-15.22.50:060][  0]LogXGEController: Cannot use XGE Controller as Incredibuild is not installed on this machine.
[2019.11.23-15.22.50:060][  0]LogShaderCompilers: Cannot use XGE Shader Compiler as Incredibuild is not installed on this machine.
[2019.11.23-15.22.50:060][  0]LogShaderCompilers: Display: Using Local Shader Compiler.
[2019.11.23-15.22.50:714][  0]LogDerivedDataCache: Display: Max Cache Size: 512 MB
[2019.11.23-15.22.50:767][  0]LogDerivedDataCache: Loaded boot cache 0.05s 82MB C:/Users/Миша.Johnvk-PC/AppData/Local/UnrealEngine/4.23/DerivedDataCache/Boot.ddc.
[2019.11.23-15.22.50:767][  0]LogDerivedDataCache: Display: Loaded Boot cache: C:/Users/Миша.Johnvk-PC/AppData/Local/UnrealEngine/4.23/DerivedDataCache/Boot.ddc
[2019.11.23-15.22.50:767][  0]LogDerivedDataCache: FDerivedDataBackendGraph:  Pak pak cache file D:/Project/ellipse1/DerivedDataCache/DDC.ddp not found, will not use a pak cache.
[2019.11.23-15.22.50:767][  0]LogDerivedDataCache: Unable to find inner node Pak for hierarchical cache Hierarchy.
[2019.11.23-15.22.50:767][  0]LogDerivedDataCache: FDerivedDataBackendGraph:  CompressedPak pak cache file D:/Project/ellipse1/DerivedDataCache/Compressed.ddp not found, will not use a pak cache.
[2019.11.23-15.22.50:767][  0]LogDerivedDataCache: Unable to find inner node CompressedPak for hierarchical cache Hierarchy.
[2019.11.23-15.22.50:778][  0]LogDerivedDataCache: Display: Pak cache opened for reading ../../../Engine/DerivedDataCache/Compressed.ddp.
[2019.11.23-15.22.50:778][  0]LogDerivedDataCache: FDerivedDataBackendGraph:  EnterprisePak pak cache file ../../../Enterprise/DerivedDataCache/Compressed.ddp not found, will not use a pak cache.
[2019.11.23-15.22.50:778][  0]LogDerivedDataCache: Unable to find inner node EnterprisePak for hierarchical cache Hierarchy.
[2019.11.23-15.22.50:779][  0]LogDerivedDataCache: Using Local data cache path C:/Users/Миша.Johnvk-PC/AppData/Local/UnrealEngine/Common/DerivedDataCache: Writable
[2019.11.23-15.22.50:779][  0]LogDerivedDataCache: Shared data cache path not found in *engine.ini, will not use an Shared cache.
[2019.11.23-15.22.50:779][  0]LogDerivedDataCache: Unable to find inner node Shared for hierarchical cache Hierarchy.
[2019.11.23-15.22.50:805][  0]LogMaterial: Verifying Global Shaders for PCD3D_SM5
[2019.11.23-15.22.50:807][  0]LogSlate: Using FreeType 2.6.0
[2019.11.23-15.22.50:808][  0]LogSlate: SlateFontServices - WITH_FREETYPE: 1, WITH_HARFBUZZ: 1
[2019.11.23-15.22.50:861][  0]LogAssetRegistry: FAssetRegistry took 0.0025 seconds to start up
[2019.11.23-15.22.51:177][  0]LogInit: Selected Device Profile: [Windows]
[2019.11.23-15.22.51:229][  0]LogMeshReduction: Using QuadricMeshReduction for automatic static mesh reduction
[2019.11.23-15.22.51:229][  0]LogMeshReduction: Using SimplygonMeshReduction for automatic skeletal mesh reduction
[2019.11.23-15.22.51:229][  0]LogMeshReduction: Using ProxyLODMeshReduction for automatic mesh merging
[2019.11.23-15.22.51:229][  0]LogMeshReduction: No distributed automatic mesh merging module available
[2019.11.23-15.22.51:229][  0]LogMeshMerging: No distributed automatic mesh merging module available
[2019.11.23-15.22.51:362][  0]LogNetVersion: ellipse1 1.0.0, NetCL: 8386587, EngineNetVer: 11, GameNetVer: 0 (Checksum: 2516326752)
[2019.11.23-15.22.51:799][  0]LogPackageLocalizationCache: Processed 15 localized package path(s) for 1 prioritized culture(s) in 0.035450 seconds
[2019.11.23-15.22.51:805][  0]LogUObjectArray: 43469 objects as part of root set at end of initial load.
[2019.11.23-15.22.51:805][  0]LogUObjectAllocator: 7553416 out of 0 bytes used by permanent object pool.
[2019.11.23-15.22.51:805][  0]LogUObjectArray: CloseDisregardForGC: 0/0 objects in disregard for GC pool
[2019.11.23-15.22.52:677][  0]LogTcpMessaging: Initializing TcpMessaging bridge
[2019.11.23-15.22.52:680][  0]LogUdpMessaging: Initializing bridge on interface 0.0.0.0:0 to multicast group 230.0.0.1:6666.
[2019.11.23-15.22.52:734][  0]SourceControl: Source control is disabled
[2019.11.23-15.22.53:167][  0]LogAndroidPermission: UAndroidPermissionCallbackProxy::GetInstance
[2019.11.23-15.22.53:292][  0]LogOcInput: OculusInput pre-init called
[2019.11.23-15.22.53:298][  0]LogWindows: Failed to load 'OVRPlugin.dll' (GetLastError=126)
[2019.11.23-15.22.53:298][  0]LogWindows: File 'OVRPlugin.dll' does not exist
[2019.11.23-15.22.53:380][  0]LogEngine: Initializing Engine...
[2019.11.23-15.22.53:381][  0]LogHMD: Failed to initialize OpenVR with code 110
[2019.11.23-15.22.53:382][  0]LogStats: UGameplayTagsManager::InitializeManager -  0.000 s
[2019.11.23-15.22.53:653][  0]LogInit: Initializing FReadOnlyCVARCache
[2019.11.23-15.22.53:670][  0]LogAIModule: Creating AISystem for world Untitled
[2019.11.23-15.22.53:687][  0]LogInit: XAudio2 using 'Динамики (Realtek High Definition Audio)' : 2 channels at 48 kHz using 32 bits per sample (channel mask 0x3)
[2019.11.23-15.22.53:706][  0]LogInit: FAudioDevice initialized.
[2019.11.23-15.22.53:706][  0]LogNetVersion: Set ProjectVersion to 1.0.0.0. Version Checksum will be recalculated on next use.
[2019.11.23-15.22.53:801][  0]LogDerivedDataCache: Saved boot cache 0.09s 82MB C:/Users/Миша.Johnvk-PC/AppData/Local/UnrealEngine/4.23/DerivedDataCache/Boot.ddc.
[2019.11.23-15.22.53:804][  0]LogInit: Texture streaming: Enabled
[2019.11.23-15.22.53:824][  0]LogEngineSessionManager: EngineSessionManager initialized
[2019.11.23-15.22.53:869][  0]LogInit: Transaction tracking system initialized
[2019.11.23-15.22.53:904][  0]BlueprintLog: New page: Editor Load
[2019.11.23-15.22.53:986][  0]LocalizationService: Localization service is disabled
[2019.11.23-15.22.54:244][  0]LogFileCache: Scanning file cache for directory 'D:/Project/ellipse1/Content/' took 0.00s
[2019.11.23-15.22.54:244][  0]LogCook: Display: Max memory allowance for cook 16384mb min free memory 0mb
[2019.11.23-15.22.54:244][  0]LogCook: Display: Mobile HDR setting 1
[2019.11.23-15.22.54:426][  0]Cmd: MAP LOAD FILE="D:/Project/ellipse1/Content/StarterContent/Maps/Minimal_Default.umap" TEMPLATE=0 SHOWPROGRESS=1 FEATURELEVEL=3
[2019.11.23-15.22.54:426][  0]LightingResults: New page: Lighting Build
[2019.11.23-15.22.54:429][  0]LogWorld: UWorld::CleanupWorld for Untitled, bSessionEnded=true, bCleanupResources=true
[2019.11.23-15.22.54:430][  0]MapCheck: New page: Map Check
[2019.11.23-15.22.54:430][  0]LightingResults: New page: Lighting Build
[2019.11.23-15.22.54:453][  0]LogUObjectHash: Compacting FUObjectHashTables data took   1.87ms
[2019.11.23-15.22.54:558][  0]LogAIModule: Creating AISystem for world Minimal_Default
[2019.11.23-15.22.54:565][  0]LogEditorServer: Finished looking for orphan Actors (0.000 secs)
[2019.11.23-15.22.54:589][  0]LogUObjectHash: Compacting FUObjectHashTables data took   2.41ms
[2019.11.23-15.22.54:589][  0]Cmd: MAP CHECKDEP NOCLEARLOG
[2019.11.23-15.22.54:589][  0]MapCheck: Map check complete: 0 Error(s), 0 Warning(s), took 0,108ms to complete.
[2019.11.23-15.22.54:589][  0]LogFileHelpers: Loading map 'Minimal_Default' took 0.164
[2019.11.23-15.22.54:693][  0]LogSlate: Updating window title bar state: overlay mode, drag disabled, window buttons hidden, title bar hidden
[2019.11.23-15.22.54:701][  0]LogSlate: Updating window title bar state: overlay mode, drag disabled, window buttons hidden, title bar hidden
[2019.11.23-15.22.54:709][  0]LogSlate: Updating window title bar state: overlay mode, drag disabled, window buttons hidden, title bar hidden
[2019.11.23-15.22.54:717][  0]LogSlate: Updating window title bar state: overlay mode, drag disabled, window buttons hidden, title bar hidden
[2019.11.23-15.22.54:724][  0]LogCollectionManager: Loaded 0 collections in 0.002003 seconds
[2019.11.23-15.22.54:730][  0]LogFileCache: Scanning file cache for directory 'D:/Project/ellipse1/Saved/Collections/' took 0.00s
[2019.11.23-15.22.54:730][  0]LogFileCache: Scanning file cache for directory 'D:/Project/ellipse1/Content/Developers/Миша/Collections/' took 0.00s
[2019.11.23-15.22.54:730][  0]LogFileCache: Scanning file cache for directory 'D:/Project/ellipse1/Content/Collections/' took 0.00s
[2019.11.23-15.22.54:730][  0]LogCollectionManager: Rebuilt the GUID cache for 0 collections in 0.000002 seconds
[2019.11.23-15.22.54:739][  0]LogContentBrowser: Native class hierarchy populated in 0.0088 seconds. Added 3002 classes and 704 folders.
[2019.11.23-15.22.54:746][  0]LogContentBrowser: Native class hierarchy updated for 'WidgetCarousel' in 0.0002 seconds. Added 0 classes and 0 folders.
[2019.11.23-15.22.54:780][  0]LogContentBrowser: Native class hierarchy updated for 'AddContentDialog' in 0.0002 seconds. Added 0 classes and 0 folders.
[2019.11.23-15.22.54:791][  0]LogContentBrowser: Native class hierarchy updated for 'SceneOutliner' in 0.0003 seconds. Added 1 classes and 2 folders.
[2019.11.23-15.22.55:895][  0]LogSlate: Only BGRA pngs, bmps or icos are supported in by External Image Picker
[2019.11.23-15.22.55:938][  0]LogSlate: Took 0.000155 seconds to synchronously load lazily loaded font '../../../Engine/Content/Slate/Fonts/Roboto-Regular.ttf' (155K)
[2019.11.23-15.22.55:940][  0]LogSlate: Took 0.000256 seconds to synchronously load lazily loaded font '../../../Engine/Content/Slate/Fonts/Roboto-Bold.ttf' (160K)
[2019.11.23-15.22.55:944][  0]LogSlate: Took 0.000167 seconds to synchronously load lazily loaded font '../../../Engine/Content/Editor/Slate/Fonts/FontAwesome.ttf' (139K)
[2019.11.23-15.22.56:004][  0]LogRenderer: Reallocating scene render targets to support 1176x520 Format 10 NumSamples 1 (Frame:1).
[2019.11.23-15.22.56:127][  0]LogContentBrowser: Native class hierarchy updated for 'HierarchicalLODOutliner' in 0.0002 seconds. Added 0 classes and 0 folders.
[2019.11.23-15.22.56:127][  0]LogLoad: (Engine Initialization) Total time: 8.03 seconds
[2019.11.23-15.22.56:127][  0]LogLoad: (Engine Initialization) Total Blueprint compile time: 0.00 seconds
[2019.11.23-15.22.56:277][  0]LogAssetRegistry: Asset discovery search completed in 5.4161 seconds
[2019.11.23-15.22.56:281][  0]LogCollectionManager: Rebuilt the object cache for 0 collections in 0.000005 seconds (found 0 objects)
[2019.11.23-15.22.56:281][  0]LogCollectionManager: Fixed up redirectors for 0 collections in 0.000074 seconds (updated 0 objects)
[2019.11.23-15.22.56:283][  0]LogContentStreaming: Texture pool size now 1000 MB
[2019.11.23-15.22.56:312][  0]LogSlate: Took 0.000112 seconds to synchronously load lazily loaded font '../../../Engine/Content/Slate/Fonts/Roboto-Light.ttf' (167K)
[2019.11.23-15.22.56:317][  1]LogFileCache: Retrieving MD5 hashes for directory 'D:/Project/ellipse1/Content/' took 0.18s
[2019.11.23-15.22.57:156][ 91]LogSlate: Took 0.000156 seconds to synchronously load lazily loaded font '../../../Engine/Content/Slate/Fonts/Roboto-Light.ttf' (167K)
[2019.11.23-15.22.58:849][285]LogSlate: FSceneViewport::OnFocusLost() reason 0
[2019.11.23-15.23.01:108][552]LogAssetEditorManager: Opening Asset editor for Blueprint /Game/StarterContent/Blueprints/ElipseBP1.ElipseBP1
[2019.11.23-15.23.01:426][552]LogContentBrowser: Native class hierarchy updated for 'BlueprintGraph' in 0.0005 seconds. Added 121 classes and 0 folders.
[2019.11.23-15.23.02:574][552]LogAssetEditorManager: Opening Asset editor for Blueprint /Game/StarterContent/Blueprints/Rotaton002.Rotaton002
[2019.11.23-15.23.02:937][552]LogAssetEditorManager: Opening Asset editor for WidgetBlueprint /Game/HUD/Menu2.Menu2
[2019.11.23-15.23.03:347][552]LogAssetEditorManager: Opening Asset editor for WidgetBlueprint /Game/MainMenu/mainmenuUI.mainmenuUI
[2019.11.23-15.23.04:128][552]LogSlate: Took 0.000210 seconds to synchronously load lazily loaded font '../../../Engine/Content/Slate/Fonts/Roboto-BoldCondensed.ttf' (158K)
[2019.11.23-15.23.04:191][553]LogSlate: Took 0.000208 seconds to synchronously load lazily loaded font '../../../Engine/Content/Slate/Fonts/Roboto-Italic.ttf' (157K)
[2019.11.23-15.23.08:669][902]LogSlate: Window 'ElipseBP1' being destroyed
[2019.11.23-15.23.09:814][991]LogSlate: Window 'mainmenuUI' being destroyed
[2019.11.23-15.23.10:844][111]LogSlate: Window 'Menu2' being destroyed
[2019.11.23-15.23.13:023][363]LogTemp: Repeating last play command: Selected Viewport
[2019.11.23-15.23.13:046][363]LogBlueprintUserMessages: Early PlayInEditor Detection: Level '/Game/StarterContent/Maps/Minimal_Default.Minimal_Default:PersistentLevel' has LevelScriptBlueprint '/Game/StarterContent/Maps/Minimal_Default.Minimal_Default:PersistentLevel.Minimal_Default' with GeneratedClass '/Game/StarterContent/Maps/Minimal_Default.Minimal_Default_C' with ClassGeneratedBy '/Game/StarterContent/Maps/Minimal_Default.Minimal_Default:PersistentLevel.Minimal_Default'
[2019.11.23-15.23.13:046][363]LogPlayLevel: PlayLevel: No blueprints needed recompiling
[2019.11.23-15.23.13:046][363]PIE: New page: PIE session: Minimal_Default (23 нояб. 2019 г., 23:23:13)
[2019.11.23-15.23.13:047][363]LogOnline: OSS: Creating online subsystem instance for: NULL
[2019.11.23-15.23.13:048][363]LogPlayLevel: Creating play world package: /Game/StarterContent/Maps/UEDPIE_0_Minimal_Default
[2019.11.23-15.23.13:051][363]LogPlayLevel: PIE: StaticDuplicateObject took: (0.003202s)
[2019.11.23-15.23.13:052][363]LogAIModule: Creating AISystem for world Minimal_Default
[2019.11.23-15.23.13:052][363]LogPlayLevel: PIE: World Init took: (0.001289s)
[2019.11.23-15.23.13:052][363]LogPlayLevel: PIE: Created PIE world by copying editor world from /Game/StarterContent/Maps/Minimal_Default.Minimal_Default to /Game/StarterContent/Maps/UEDPIE_0_Minimal_Default.Minimal_Default (0.004713s)
[2019.11.23-15.23.13:123][363]LogUObjectHash: Compacting FUObjectHashTables data took   5.74ms
[2019.11.23-15.23.13:134][363]LogInit: XAudio2 using 'Динамики (Realtek High Definition Audio)' : 2 channels at 48 kHz using 32 bits per sample (channel mask 0x3)
[2019.11.23-15.23.13:151][363]LogInit: FAudioDevice initialized.
[2019.11.23-15.23.13:192][363]LogLoad: Game class is 'CamED_C'
[2019.11.23-15.23.13:194][363]LogWorld: Bringing World /Game/StarterContent/Maps/UEDPIE_0_Minimal_Default.Minimal_Default up for play (max tick rate 0) at 2019.11.23-19.23.13
[2019.11.23-15.23.13:194][363]LogWorld: Bringing up level for play took: 0.001073
[2019.11.23-15.23.13:194][363]LogOnline: OSS: Creating online subsystem instance for: :Context_8
[2019.11.23-15.23.13:202][363]LogContentBrowser: Native class hierarchy updated for 'MovieSceneCapture' in 0.0003 seconds. Added 20 classes and 0 folders.
[2019.11.23-15.23.13:205][363]PIE: Play in editor start time for /Game/StarterContent/Maps/UEDPIE_0_Minimal_Default 0,071
[2019.11.23-15.23.13:205][363]LogBlueprintUserMessages: Late PlayInEditor Detection: Level '/Game/StarterContent/Maps/Minimal_Default.Minimal_Default:PersistentLevel' has LevelScriptBlueprint '/Game/StarterContent/Maps/Minimal_Default.Minimal_Default:PersistentLevel.Minimal_Default' with GeneratedClass '/Game/StarterContent/Maps/Minimal_Default.Minimal_Default_C' with ClassGeneratedBy '/Game/StarterContent/Maps/Minimal_Default.Minimal_Default:PersistentLevel.Minimal_Default'
[2019.11.23-15.23.20:812][221]LogBlueprintUserMessages: Early EndPlayMap Detection: Level '/Game/StarterContent/Maps/Minimal_Default.Minimal_Default:PersistentLevel' has LevelScriptBlueprint '/Game/StarterContent/Maps/Minimal_Default.Minimal_Default:PersistentLevel.Minimal_Default' with GeneratedClass '/Game/StarterContent/Maps/Minimal_Default.Minimal_Default_C' with ClassGeneratedBy '/Game/StarterContent/Maps/Minimal_Default.Minimal_Default:PersistentLevel.Minimal_Default'
[2019.11.23-15.23.20:813][221]LogSlate: Updating window title bar state: overlay mode, drag disabled, window buttons hidden, title bar hidden
[2019.11.23-15.23.20:813][221]LogWorld: BeginTearingDown for /Game/StarterContent/Maps/UEDPIE_0_Minimal_Default
[2019.11.23-15.23.20:813][221]LogWorld: UWorld::CleanupWorld for Minimal_Default, bSessionEnded=true, bCleanupResources=true
[2019.11.23-15.23.20:827][221]LogPlayLevel: Display: Shutting down PIE online subsystems
[2019.11.23-15.23.20:828][221]LogBlueprintUserMessages: Late EndPlayMap Detection: Level '/Game/StarterContent/Maps/Minimal_Default.Minimal_Default:PersistentLevel' has LevelScriptBlueprint '/Game/StarterContent/Maps/Minimal_Default.Minimal_Default:PersistentLevel.Minimal_Default' with GeneratedClass '/Game/StarterContent/Maps/Minimal_Default.Minimal_Default_C' with ClassGeneratedBy '/Game/StarterContent/Maps/Minimal_Default.Minimal_Default:PersistentLevel.Minimal_Default'
[2019.11.23-15.23.20:885][221]LogSlate: Updating window title bar state: overlay mode, drag disabled, window buttons hidden, title bar hidden
[2019.11.23-15.23.20:928][221]LogUObjectHash: Compacting FUObjectHashTables data took   6.24ms
[2019.11.23-15.23.20:945][222]LogPlayLevel: Display: Destroying online subsystem :Context_8
[2019.11.23-15.23.24:600][647]LogTemp: Repeating last play command: Selected Viewport
[2019.11.23-15.23.24:621][647]LogBlueprintUserMessages: Early PlayInEditor Detection: Level '/Game/StarterContent/Maps/Minimal_Default.Minimal_Default:PersistentLevel' has LevelScriptBlueprint '/Game/StarterContent/Maps/Minimal_Default.Minimal_Default:PersistentLevel.Minimal_Default' with GeneratedClass '/Game/StarterContent/Maps/Minimal_Default.Minimal_Default_C' with ClassGeneratedBy '/Game/StarterContent/Maps/Minimal_Default.Minimal_Default:PersistentLevel.Minimal_Default'
[2019.11.23-15.23.24:621][647]LogPlayLevel: PlayLevel: No blueprints needed recompiling
[2019.11.23-15.23.24:622][647]PIE: New page: PIE session: Minimal_Default (23 нояб. 2019 г., 23:23:24)
[2019.11.23-15.23.24:622][647]LogPlayLevel: Creating play world package: /Game/StarterContent/Maps/UEDPIE_0_Minimal_Default
[2019.11.23-15.23.24:625][647]LogPlayLevel: PIE: StaticDuplicateObject took: (0.003244s)
[2019.11.23-15.23.24:626][647]LogAIModule: Creating AISystem for world Minimal_Default
[2019.11.23-15.23.24:626][647]LogPlayLevel: PIE: World Init took: (0.001190s)
[2019.11.23-15.23.24:626][647]LogPlayLevel: PIE: Created PIE world by copying editor world from /Game/StarterContent/Maps/Minimal_Default.Minimal_Default to /Game/StarterContent/Maps/UEDPIE_0_Minimal_Default.Minimal_Default (0.004560s)
[2019.11.23-15.23.24:686][647]LogUObjectHash: Compacting FUObjectHashTables data took   4.18ms
[2019.11.23-15.23.24:696][647]LogInit: XAudio2 using 'Динамики (Realtek High Definition Audio)' : 2 channels at 48 kHz using 32 bits per sample (channel mask 0x3)
[2019.11.23-15.23.24:712][647]LogInit: FAudioDevice initialized.
[2019.11.23-15.23.24:712][647]LogSlate: FSceneViewport::OnFocusLost() reason 2
[2019.11.23-15.23.24:717][647]LogLoad: Game class is 'CamED_C'
[2019.11.23-15.23.24:719][647]LogWorld: Bringing World /Game/StarterContent/Maps/UEDPIE_0_Minimal_Default.Minimal_Default up for play (max tick rate 0) at 2019.11.23-19.23.24
[2019.11.23-15.23.24:719][647]LogWorld: Bringing up level for play took: 0.000965
[2019.11.23-15.23.24:719][647]LogOnline: OSS: Creating online subsystem instance for: :Context_9
[2019.11.23-15.23.24:723][647]PIE: Play in editor start time for /Game/StarterContent/Maps/UEDPIE_0_Minimal_Default -0,412
[2019.11.23-15.23.24:723][647]LogBlueprintUserMessages: Late PlayInEditor Detection: Level '/Game/StarterContent/Maps/Minimal_Default.Minimal_Default:PersistentLevel' has LevelScriptBlueprint '/Game/StarterContent/Maps/Minimal_Default.Minimal_Default:PersistentLevel.Minimal_Default' with GeneratedClass '/Game/StarterContent/Maps/Minimal_Default.Minimal_Default_C' with ClassGeneratedBy '/Game/StarterContent/Maps/Minimal_Default.Minimal_Default:PersistentLevel.Minimal_Default'
[2019.11.23-15.23.25:390][724]LogBlueprintUserMessages: Early EndPlayMap Detection: Level '/Game/StarterContent/Maps/Minimal_Default.Minimal_Default:PersistentLevel' has LevelScriptBlueprint '/Game/StarterContent/Maps/Minimal_Default.Minimal_Default:PersistentLevel.Minimal_Default' with GeneratedClass '/Game/StarterContent/Maps/Minimal_Default.Minimal_Default_C' with ClassGeneratedBy '/Game/StarterContent/Maps/Minimal_Default.Minimal_Default:PersistentLevel.Minimal_Default'
[2019.11.23-15.23.25:391][724]LogSlate: Updating window title bar state: overlay mode, drag disabled, window buttons hidden, title bar hidden
[2019.11.23-15.23.25:391][724]LogWorld: BeginTearingDown for /Game/StarterContent/Maps/UEDPIE_0_Minimal_Default
[2019.11.23-15.23.25:391][724]LogWorld: UWorld::CleanupWorld for Minimal_Default, bSessionEnded=true, bCleanupResources=true
[2019.11.23-15.23.25:402][724]LogPlayLevel: Display: Shutting down PIE online subsystems
[2019.11.23-15.23.25:403][724]LogBlueprintUserMessages: Late EndPlayMap Detection: Level '/Game/StarterContent/Maps/Minimal_Default.Minimal_Default:PersistentLevel' has LevelScriptBlueprint '/Game/StarterContent/Maps/Minimal_Default.Minimal_Default:PersistentLevel.Minimal_Default' with GeneratedClass '/Game/StarterContent/Maps/Minimal_Default.Minimal_Default_C' with ClassGeneratedBy '/Game/StarterContent/Maps/Minimal_Default.Minimal_Default:PersistentLevel.Minimal_Default'
[2019.11.23-15.23.25:445][724]LogSlate: Updating window title bar state: overlay mode, drag disabled, window buttons hidden, title bar hidden
[2019.11.23-15.23.25:449][724]LogUObjectHash: Compacting FUObjectHashTables data took   3.43ms
[2019.11.23-15.23.25:495][727]LogPlayLevel: Display: Destroying online subsystem :Context_9
[2019.11.23-15.23.27:019][907]LogSlate: FSceneViewport::OnFocusLost() reason 2
[2019.11.23-15.23.33:012][613]LogEditorViewport: Clicking on Actor (LMB): StaticMeshActor (Plane)
[2019.11.23-15.23.33:623][678]LogTemp: Repeating last play command: Selected Viewport
[2019.11.23-15.23.33:644][678]LogBlueprintUserMessages: Early PlayInEditor Detection: Level '/Game/StarterContent/Maps/Minimal_Default.Minimal_Default:PersistentLevel' has LevelScriptBlueprint '/Game/StarterContent/Maps/Minimal_Default.Minimal_Default:PersistentLevel.Minimal_Default' with GeneratedClass '/Game/StarterContent/Maps/Minimal_Default.Minimal_Default_C' with ClassGeneratedBy '/Game/StarterContent/Maps/Minimal_Default.Minimal_Default:PersistentLevel.Minimal_Default'
[2019.11.23-15.23.33:644][678]LogPlayLevel: PlayLevel: No blueprints needed recompiling
[2019.11.23-15.23.33:644][678]PIE: New page: PIE session: Minimal_Default (23 нояб. 2019 г., 23:23:33)
[2019.11.23-15.23.33:644][678]LogPlayLevel: Creating play world package: /Game/StarterContent/Maps/UEDPIE_0_Minimal_Default
[2019.11.23-15.23.33:648][678]LogPlayLevel: PIE: StaticDuplicateObject took: (0.003091s)
[2019.11.23-15.23.33:648][678]LogAIModule: Creating AISystem for world Minimal_Default
[2019.11.23-15.23.33:649][678]LogPlayLevel: PIE: World Init took: (0.001077s)
[2019.11.23-15.23.33:649][678]LogPlayLevel: PIE: Created PIE world by copying editor world from /Game/StarterContent/Maps/Minimal_Default.Minimal_Default to /Game/StarterContent/Maps/UEDPIE_0_Minimal_Default.Minimal_Default (0.004291s)
[2019.11.23-15.23.33:687][678]LogUObjectHash: Compacting FUObjectHashTables data took   3.51ms
[2019.11.23-15.23.33:697][678]LogInit: XAudio2 using 'Динамики (Realtek High Definition Audio)' : 2 channels at 48 kHz using 32 bits per sample (channel mask 0x3)
[2019.11.23-15.23.33:712][678]LogInit: FAudioDevice initialized.
[2019.11.23-15.23.33:713][678]LogSlate: FSceneViewport::OnFocusLost() reason 2
[2019.11.23-15.23.33:724][678]LogLoad: Game class is 'CamED_C'
[2019.11.23-15.23.33:725][678]LogWorld: Bringing World /Game/StarterContent/Maps/UEDPIE_0_Minimal_Default.Minimal_Default up for play (max tick rate 0) at 2019.11.23-19.23.33
[2019.11.23-15.23.33:725][678]LogWorld: Bringing up level for play took: 0.000975
[2019.11.23-15.23.33:725][678]LogOnline: OSS: Creating online subsystem instance for: :Context_11
[2019.11.23-15.23.33:729][678]PIE: Play in editor start time for /Game/StarterContent/Maps/UEDPIE_0_Minimal_Default 0,595
[2019.11.23-15.23.33:729][678]LogBlueprintUserMessages: Late PlayInEditor Detection: Level '/Game/StarterContent/Maps/Minimal_Default.Minimal_Default:PersistentLevel' has LevelScriptBlueprint '/Game/StarterContent/Maps/Minimal_Default.Minimal_Default:PersistentLevel.Minimal_Default' with GeneratedClass '/Game/StarterContent/Maps/Minimal_Default.Minimal_Default_C' with ClassGeneratedBy '/Game/StarterContent/Maps/Minimal_Default.Minimal_Default:PersistentLevel.Minimal_Default'
[2019.11.23-15.23.39:451][362]LogBlueprintUserMessages: Early EndPlayMap Detection: Level '/Game/StarterContent/Maps/Minimal_Default.Minimal_Default:PersistentLevel' has LevelScriptBlueprint '/Game/StarterContent/Maps/Minimal_Default.Minimal_Default:PersistentLevel.Minimal_Default' with GeneratedClass '/Game/StarterContent/Maps/Minimal_Default.Minimal_Default_C' with ClassGeneratedBy '/Game/StarterContent/Maps/Minimal_Default.Minimal_Default:PersistentLevel.Minimal_Default'
[2019.11.23-15.23.39:451][362]LogSlate: Updating window title bar state: overlay mode, drag disabled, window buttons hidden, title bar hidden
[2019.11.23-15.23.39:451][362]LogWorld: BeginTearingDown for /Game/StarterContent/Maps/UEDPIE_0_Minimal_Default
[2019.11.23-15.23.39:451][362]LogWorld: UWorld::CleanupWorld for Minimal_Default, bSessionEnded=true, bCleanupResources=true
[2019.11.23-15.23.39:463][362]LogPlayLevel: Display: Shutting down PIE online subsystems
[2019.11.23-15.23.39:464][362]LogBlueprintUserMessages: Late EndPlayMap Detection: Level '/Game/StarterContent/Maps/Minimal_Default.Minimal_Default:PersistentLevel' has LevelScriptBlueprint '/Game/StarterContent/Maps/Minimal_Default.Minimal_Default:PersistentLevel.Minimal_Default' with GeneratedClass '/Game/StarterContent/Maps/Minimal_Default.Minimal_Default_C' with ClassGeneratedBy '/Game/StarterContent/Maps/Minimal_Default.Minimal_Default:PersistentLevel.Minimal_Default'
[2019.11.23-15.23.39:505][362]LogSlate: Updating window title bar state: overlay mode, drag disabled, window buttons hidden, title bar hidden
[2019.11.23-15.23.39:509][362]LogUObjectHash: Compacting FUObjectHashTables data took   3.43ms
[2019.11.23-15.23.39:550][364]LogPlayLevel: Display: Destroying online subsystem :Context_11
[2019.11.23-15.23.41:614][611]LogSlate: FSceneViewport::OnFocusLost() reason 0
[2019.11.23-15.23.46:407][162]LogUObjectHash: Compacting FUObjectHashTables data took   1.01ms
[2019.11.23-15.23.47:358][162]LogSlate: Window 'Delete Assets' being destroyed
[2019.11.23-15.23.47:489][162]LogUObjectHash: Compacting FUObjectHashTables data took   1.09ms
[2019.11.23-15.23.47:529][162]LogUObjectHash: Compacting FUObjectHashTables data took   1.02ms
[2019.11.23-15.23.47:564][162]LogUObjectHash: Compacting FUObjectHashTables data took   1.01ms
[2019.11.23-15.23.47:699][162]SourceControl: Error: Updated 0 paths from the index
[2019.11.23-15.23.47:791][162]SourceControl: rm 'Content/StarterContent/Track2_0/trail22White.uasset'
[2019.11.23-15.24.06:007][825]LogUObjectHash: Compacting FUObjectHashTables data took   1.04ms
